This is pdfTeXk, Version 3.141592-1.40.3 (Web2C 7.5.6) (format=pdflatex 2007.5.18)  3 JUN 2010 09:44
entering extended mode
\write18 enabled.
 %&-line parsing enabled.
**main.tex
(./main.tex
LaTeX2e <2005/12/01>
Babel <v3.8h> and hyphenation patterns for english, usenglishmax, dumylang, noh
yphenation, arabic, basque, bulgarian, coptic, welsh, czech, slovak, german, ng
erman, danish, esperanto, spanish, catalan, galician, estonian, farsi, finnish,
 french, greek, monogreek, ancientgreek, croatian, hungarian, interlingua, ibyc
us, indonesian, icelandic, italian, latin, mongolian, dutch, norsk, polish, por
tuguese, pinyin, romanian, russian, slovenian, uppersorbian, serbian, swedish, 
turkish, ukenglish, ukrainian, loaded.
(./ucthesis.cls
Document Class: ucthesis 2004/12/19 v3.2 University of California Thesis Class
(./uct12.clo)
\descriptionmargin=\dimen102
\c@part=\count79
\c@chapter=\count80
\c@section=\count81
\c@subsection=\count82
\c@subsubsection=\count83
\c@paragraph=\count84
\c@subparagraph=\count85
\c@figure=\count86
\c@table=\count87
)
(/usr/local/texlive/2007/texmf-dist/tex/latex/amsmath/amsmath.sty
Package: amsmath 2000/07/18 v2.13 AMS math features
\@mathmargin=\skip41

For additional information on amsmath, use the `?' option.
(/usr/local/texlive/2007/texmf-dist/tex/latex/amsmath/amstext.sty
Package: amstext 2000/06/29 v2.01

(/usr/local/texlive/2007/texmf-dist/tex/latex/amsmath/amsgen.sty
File: amsgen.sty 1999/11/30 v2.0
\@emptytoks=\toks14
\ex@=\dimen103
))
(/usr/local/texlive/2007/texmf-dist/tex/latex/amsmath/amsbsy.sty
Package: amsbsy 1999/11/29 v1.2d
\pmbraise@=\dimen104
)
(/usr/local/texlive/2007/texmf-dist/tex/latex/amsmath/amsopn.sty
Package: amsopn 1999/12/14 v2.01 operator names
)
\inf@bad=\count88
LaTeX Info: Redefining \frac on input line 211.
\uproot@=\count89
\leftroot@=\count90
LaTeX Info: Redefining \overline on input line 307.
\classnum@=\count91
\DOTSCASE@=\count92
LaTeX Info: Redefining \ldots on input line 379.
LaTeX Info: Redefining \dots on input line 382.
LaTeX Info: Redefining \cdots on input line 467.
\Mathstrutbox@=\box26
\strutbox@=\box27
\big@size=\dimen105
LaTeX Font Info:    Redeclaring font encoding OML on input line 567.
LaTeX Font Info:    Redeclaring font encoding OMS on input line 568.
\macc@depth=\count93
\c@MaxMatrixCols=\count94
\dotsspace@=\muskip10
\c@parentequation=\count95
\dspbrk@lvl=\count96
\tag@help=\toks15
\row@=\count97
\column@=\count98
\maxfields@=\count99
\andhelp@=\toks16
\eqnshift@=\dimen106
\alignsep@=\dimen107
\tagshift@=\dimen108
\tagwidth@=\dimen109
\totwidth@=\dimen110
\lineht@=\dimen111
\@envbody=\toks17
\multlinegap=\skip42
\multlinetaggap=\skip43
\mathdisplay@stack=\toks18
LaTeX Info: Redefining \[ on input line 2666.
LaTeX Info: Redefining \] on input line 2667.
)
(/usr/local/texlive/2007/texmf-dist/tex/latex/graphics/graphicx.sty
Package: graphicx 1999/02/16 v1.0f Enhanced LaTeX Graphics (DPC,SPQR)

(/usr/local/texlive/2007/texmf-dist/tex/latex/graphics/keyval.sty
Package: keyval 1999/03/16 v1.13 key=value parser (DPC)
\KV@toks@=\toks19
)
(/usr/local/texlive/2007/texmf-dist/tex/latex/graphics/graphics.sty
Package: graphics 2006/02/20 v1.0o Standard LaTeX Graphics (DPC,SPQR)

(/usr/local/texlive/2007/texmf-dist/tex/latex/graphics/trig.sty
Package: trig 1999/03/16 v1.09 sin cos tan (DPC)
)
(/usr/local/texlive/2007/texmf/tex/latex/config/graphics.cfg
File: graphics.cfg 2007/01/18 v1.5 graphics configuration of teTeX/TeXLive
)
Package graphics Info: Driver file: dvips.def on input line 90.

(/usr/local/texlive/2007/texmf-dist/tex/latex/graphics/dvips.def
File: dvips.def 1999/02/16 v3.0i Driver-dependant file (DPC,SPQR)
))
\Gin@req@height=\dimen112
\Gin@req@width=\dimen113
)
(/usr/local/texlive/2007/texmf-dist/tex/latex/amsfonts/amssymb.sty
Package: amssymb 2002/01/22 v2.2d

(/usr/local/texlive/2007/texmf-dist/tex/latex/amsfonts/amsfonts.sty
Package: amsfonts 2001/10/25 v2.2f
\symAMSa=\mathgroup4
\symAMSb=\mathgroup5
LaTeX Font Info:    Overwriting math alphabet `\mathfrak' in version `bold'
(Font)                  U/euf/m/n --> U/euf/b/n on input line 132.
))
(/usr/local/texlive/2007/texmf-dist/tex/latex/psnfss/times.sty
Package: times 2005/04/12 PSNFSS-v9.2a (SPQR) 
)
(/usr/local/texlive/2007/texmf-dist/tex/generic/psfig/psfig.sty
\@unused=\write3
\ps@stream=\read1
\p@intvaluex=\dimen114
\p@intvaluey=\dimen115

psfig/tex 1.10-dvips
) (/usr/local/texlive/2007/texmf-dist/tex/latex/base/latexsym.sty
Package: latexsym 1998/08/17 v2.2e Standard LaTeX package (lasy symbols)
\symlasy=\mathgroup6
LaTeX Font Info:    Overwriting symbol font `lasy' in version `bold'
(Font)                  U/lasy/m/n --> U/lasy/b/n on input line 47.
)
\c@theorem=\count100
\c@definition=\count101
\c@lemma=\count102
\c@remark=\count103
\c@corollary=\count104


LaTeX Warning: Unused global option(s):
    [english,letterpaper].

(./main.aux (./title.aux) (./overview.aux) (./intro1.aux)
(./reed-muller-struc.aux) (./reed-muller-perfm.aux) (./numbertheory2.aux

LaTeX Warning: Label `eq1' multiply defined.


LaTeX Warning: Label `union' multiply defined.


LaTeX Warning: Label `union' multiply defined.

) (./prefixing3.aux

LaTeX Warning: Label `w31a' multiply defined.


LaTeX Warning: Label `eqwi' multiply defined.

) (./introb.aux) (./iterativeBG.aux) (./arrayabs5.aux

LaTeX Warning: Label `theo1' multiply defined.


LaTeX Warning: Label `theo12' multiply defined.


LaTeX Warning: Label `le11' multiply defined.


LaTeX Warning: Label `fig62' multiply defined.


LaTeX Warning: Label `eq1' multiply defined.


LaTeX Warning: Label `eq2' multiply defined.


LaTeX Warning: Label `eq3' multiply defined.


LaTeX Warning: Label `eq11e' multiply defined.


LaTeX Warning: Label `sys31' multiply defined.

) (./conc.aux) (./refs.aux))
\openout1 = `main.aux'.

LaTeX Font Info:    Checking defaults for OML/cmm/m/it on input line 66.
LaTeX Font Info:    ... okay on input line 66.
LaTeX Font Info:    Checking defaults for T1/cmr/m/n on input line 66.
LaTeX Font Info:    ... okay on input line 66.
LaTeX Font Info:    Checking defaults for OT1/cmr/m/n on input line 66.
LaTeX Font Info:    ... okay on input line 66.
LaTeX Font Info:    Checking defaults for OMS/cmsy/m/n on input line 66.
LaTeX Font Info:    ... okay on input line 66.
LaTeX Font Info:    Checking defaults for OMX/cmex/m/n on input line 66.
LaTeX Font Info:    ... okay on input line 66.
LaTeX Font Info:    Checking defaults for U/cmr/m/n on input line 66.
LaTeX Font Info:    ... okay on input line 66.
LaTeX Font Info:    Try loading font information for OT1+ptm on input line 66.

(/usr/local/texlive/2007/texmf-dist/tex/latex/psnfss/ot1ptm.fd
File: ot1ptm.fd 2001/06/04 font definitions for OT1/ptm.
)
\openout2 = `title.aux'.

 (./title.tex
LaTeX Font Info:    Font shape `OT1/ptm/bx/n' in size <12> not available
(Font)              Font shape `OT1/ptm/b/n' tried instead on input line 16.

[1


{/usr/local/texlive/2007/texmf-var/fonts/map/pdftex/updmap/pdftex.map}]
LaTeX Font Info:    Try loading font information for U+msa on input line 16.

(/usr/local/texlive/2007/texmf-dist/tex/latex/amsfonts/umsa.fd
File: umsa.fd 2002/01/19 v2.2g AMS font definitions
)
LaTeX Font Info:    Try loading font information for U+msb on input line 16.

(/usr/local/texlive/2007/texmf-dist/tex/latex/amsfonts/umsb.fd
File: umsb.fd 2002/01/19 v2.2g AMS font definitions
)
LaTeX Font Info:    Try loading font information for U+lasy on input line 16.

(/usr/local/texlive/2007/texmf-dist/tex/latex/base/ulasy.fd
File: ulasy.fd 1998/08/17 v2.2e LaTeX symbol font definitions
) [2] [3] [1]
[2] [3] [4] [1]
LaTeX Font Info:    Font shape `OT1/ptm/bx/n' in size <14.4> not available
(Font)              Font shape `OT1/ptm/b/n' tried instead on input line 146.
 [2]
LaTeX Font Info:    Font shape `OT1/ptm/bx/n' in size <24.88> not available
(Font)              Font shape `OT1/ptm/b/n' tried instead on input line 179.
 (./main.toc [3

])
\tf@toc=\write4
\openout4 = `main.toc'.

 [4] (./main.lof)
\tf@lof=\write5
\openout5 = `main.lof'.

 [5

] (./main.lot)
\tf@lot=\write6
\openout6 = `main.lot'.

 [6

])
\openout2 = `overview.aux'.


(./overview.tex
Chapter 1.
[1



] [2] [3] [4] [5] [6] [7]) [8]
\openout2 = `intro1.aux'.

 (./intro1.tex [9



]
Chapter 2.
[10

] [11] [12] [13]) [14]
\openout2 = `reed-muller-struc.aux'.

 (./reed-muller-struc.tex
Chapter 3.
LaTeX Font Info:    Font shape `OT1/ptm/bx/n' in size <17.28> not available
(Font)              Font shape `OT1/ptm/b/n' tried instead on input line 101.
[15



] [16] [17] [18] [19] [20] (./figure1.tex) [21] [22] [23] [24] [25] [26]
[27] [28] [29] [30] [31] [32] [33]
Overfull \hbox (27.0875pt too wide) detected at line 992
[]
 []


Overfull \hbox (54.92511pt too wide) detected at line 1009
[]
 []

[34] [35]) [36]
\openout2 = `reed-muller-perfm.aux'.

 (./reed-muller-perfm.tex
Chapter 4.
[37



] [38] [39] [40] [41] [42] [43] [44] [45] [46] [47] [48] [49] [50] [51]
[52] [53] [54] [55] [56] [57] [58] [59] [60] [61] [62] [63] [64] [65]
Overfull \hbox (18.60223pt too wide) in paragraph at lines 1247--1254
[]\OT1/ptm/m/n/12 For $\OML/cmm/m/it/12 m \OT1/cmr/m/n/12 = 4\OML/cmm/m/it/12 ;
 \OT1/cmr/m/n/12 5$ \OT1/ptm/m/n/12 it can be checked di-rectly that the only c
ode-word pairs achiev-ing $\OML/cmm/m/it/12 d[]\OT1/cmr/m/n/12 ([]\OML/cmm/m/it
/12 ; []\OT1/cmr/m/n/12 ) =
 []

[66] [67] [68] [69] [70] [71]) [72]
\openout2 = `numbertheory2.aux'.

 (./numbertheory2.tex
Chapter 5.
[73



] [74] [75] [76] [77] [78] [79] [80] [81] [82] [83] [84] [85]
Overfull \hbox (35.58466pt too wide) detected at line 608
[]
 []

[86]
Overfull \hbox (18.7437pt too wide) in paragraph at lines 622--622
[]\OT1/ptm/m/it/12 If each $\OML/cmm/m/it/12 p[]$ \OT1/ptm/m/it/12 is prime and
 $\OML/cmm/m/it/12 p[] >$ \OT1/ptm/m/it/12 max$\OT1/cmr/m/n/12 (\OML/cmm/m/it/1
2 r; l\OT1/cmr/m/n/12 )$\OT1/ptm/m/it/12 , the set $[] []$,
 []

[87] [88] [89]
Overfull \hbox (1.51038pt too wide) in paragraph at lines 791--791
[]\OT1/ptm/m/it/12 For $\OML/cmm/m/it/12 p$ \OT1/ptm/m/it/12 prime and $\OML/cm
m/m/it/12 p > w$\OT1/ptm/m/it/12 , the set $\OML/cmm/m/it/12 S[]$ \OT1/ptm/m/it
/12 de-fined in (5.2[]) equals the set $[]\OT1/cmr/m/n/12 (\OML/cmm/m/it/12 m; 
w; []; p\OT1/cmr/m/n/12 )$
 []


Overfull \hbox (46.20265pt too wide) detected at line 828
[]
 []

[90] [91]
Overfull \hbox (30.15588pt too wide) in paragraph at lines 887--890
[]\OT1/ptm/m/n/12 Thus $\OML/cmm/m/it/12 p[]; [] ; p[]$ \OT1/ptm/m/n/12 can be 
cho-sen so that the car-di-nal-ity of $[] []$
 []

[92] [93] [94]) [95]
\openout2 = `prefixing3.aux'.

 (./prefixing3.tex
Chapter 6.
[96



] [97] [98] [99] [100]
Overfull \hbox (21.06221pt too wide) in paragraph at lines 213--225
\OML/cmm/m/it/12 B[]\OT1/cmr/m/n/12 (\OML/cmm/m/it/12 x[]\OT1/cmr/m/n/12 )$ \OT
1/ptm/m/n/12 from them, of the set of residues $[]  \OML/cmm/m/it/12 P$ \OT1/pt
m/m/n/12 for $\OML/cmm/m/it/12 P$ \OT1/ptm/m/n/12 prime that sat-is-fies $\OML/
cmm/m/it/12 lcm\OT1/cmr/m/n/12 (2\OML/cmm/m/it/12 ; \OT1/cmr/m/n/12 3\OML/cmm/m
/it/12 ; :::r\OT1/cmr/m/n/12 )\OMS/cmsy/m/n/12 j\OT1/cmr/m/n/12 (\OML/cmm/m/it/
12 P \OMS/cmsy/m/n/12 ^^@
 []

[101] [102] [103] [104]
Overfull \hbox (2.77345pt too wide) in paragraph at lines 336--341
[]\OT1/ptm/m/n/12 Likewise, we re-quire that $\OML/cmm/m/it/12 B[]\OT1/cmr/m/n/
12 (\OML/cmm/m/it/12 x[]\OT1/cmr/m/n/12 )$ \OT1/ptm/m/n/12 be dis-joint from $\
OML/cmm/m/it/12 B[]\OT1/cmr/m/n/12 (\OML/cmm/m/it/12 x[]\OT1/cmr/m/n/12 )$\OT1/
ptm/m/n/12 , $\OML/cmm/m/it/12 B[]\OT1/cmr/m/n/12 (\OML/cmm/m/it/12 x[]\OT1/cmr
/m/n/12 )$ \OT1/ptm/m/n/12 and $\OML/cmm/m/it/12 B[]\OT1/cmr/m/n/12 (\OML/cmm/m
/it/12 x[]\OT1/cmr/m/n/12 )$
 []


Overfull \hbox (31.79764pt too wide) in paragraph at lines 345--355
\OT1/ptm/m/n/12 cho-sen val-ues of $\OML/cmm/m/it/12 x[]$ \OT1/ptm/m/n/12 and $
\OML/cmm/m/it/12 y[]$ \OT1/ptm/m/n/12 at most $\OML/cmm/m/it/12 N[] \OT1/cmr/m/
n/12 = 2 [] +
 []

[105]
Overfull \hbox (28.61293pt too wide) in paragraph at lines 398--410
\OML/cmm/m/it/12 y[]$\OT1/ptm/m/n/12 , the con-di-tion in [] pre-vents $\OML/cm
m/m/it/12 N[] \OT1/cmr/m/n/12 = [] []$
 []

[106]
Overfull \hbox (15.86519pt too wide) in paragraph at lines 438--442
[]\OT1/ptm/m/n/12 Likewise, we re-quire that $\OML/cmm/m/it/12 B[]\OT1/cmr/m/n/
12 (\OML/cmm/m/it/12 x[]\OT1/cmr/m/n/12 )$ \OT1/ptm/m/n/12 be dis-joint from al
l of $\OML/cmm/m/it/12 B[]\OT1/cmr/m/n/12 (\OML/cmm/m/it/12 x[]\OT1/cmr/m/n/12 
)$\OT1/ptm/m/n/12 , $\OML/cmm/m/it/12 B[]\OT1/cmr/m/n/12 (\OML/cmm/m/it/12 x[]\
OT1/cmr/m/n/12 )$\OT1/ptm/m/n/12 , $\OML/cmm/m/it/12 B[]\OT1/cmr/m/n/12 (\OML/c
mm/m/it/12 x[]\OT1/cmr/m/n/12 )$\OT1/ptm/m/n/12 ,
 []

[107] [108] [109] [110] [111] [112] [113]
Overfull \hbox (36.67635pt too wide) in paragraph at lines 696--698
[]\OT1/ptm/m/n/12 To show that there ex-ists a prime $\OML/cmm/m/it/12 P$ \OT1/
ptm/m/n/12 in the in-ter-val $\OT1/cmr/m/n/12 (\OML/cmm/m/it/12 c[]n; c[]n\OT1/
cmr/m/n/12 )$ \OT1/ptm/m/n/12 for which $\OML/cmm/m/it/12 k \OT1/cmr/m/n/12 = \
OML/cmm/m/it/12 lcm\OT1/cmr/m/n/12 (2\OML/cmm/m/it/12 ; \OT1/cmr/m/n/12 3\OML/c
mm/m/it/12 ; :::; r\OT1/cmr/m/n/12 )\OMS/cmsy/m/n/12 j\OT1/cmr/m/n/12 (\OML/cmm
/m/it/12 P \OMS/cmsy/m/n/12 ^^@
 []

[114] [115] [116] [117] [118] [119] [120] [121] [122] [123] [124]
File: Drawing11new.eps Graphic file (type eps)

<Drawing11new.eps>
Overfull \hbox (4.40387pt too wide) in paragraph at lines 1164--1168
[]\OT1/ptm/m/n/12 The de-cod-ing al-go-rithm starts with all mes-sages be-ing i
ni-tial-ized to 1. Sup-pose $\OML/cmm/m/it/12 []\OT1/cmr/m/n/12 (\OML/cmm/m/it
/12 R[]\OT1/cmr/m/n/12 )$
 []

[125] [126
Non-PDF special ignored!]
Overfull \hbox (1.07495pt too wide) detected at line 1236
[]
 []

[127] [128]) [129] [130]
\openout2 = `introb.aux'.

 (./introb.tex [131



]
Chapter 7.
[132

]) [133]
\openout2 = `iterativeBG.aux'.

 (./iterativeBG.tex
Chapter 8.
[134



] [135]
File: iter_globecom3.ps Graphic file (type eps)
 <iter_globecom3.ps> [136
Non-PDF special ignored!] [137]
File: Drawing11.eps Graphic file (type eps)
 <Drawing11.eps> [138] [139
Non-PDF special ignored!]
Overfull \hbox (17.74057pt too wide) in paragraph at lines 218--240
[]\OT1/ptm/m/n/12 Additional re-lated no-tions pre-vi-ously in-tro-duced in the
 lit-er-a-ture in-clude pseudo-codewords
 []

[140]) [141]
\openout2 = `arrayabs5.aux'.

 (./arrayabs5.tex
Chapter 9.
[142



] [143]
File: matrix1.eps Graphic file (type eps)
 <matrix1.eps>
File: matrix2.eps Graphic file (type eps)
 <matrix2.eps> [144] [145
Non-PDF special ignored!
Non-PDF special ignored!] [146] [147] [148]
File: Visio-fig03z.eps Graphic file (type eps)
 <Visio-fig03z.eps> [149] [150
Non-PDF special ignored!] [151]
File: fig07.eps Graphic file (type eps)
 <fig07.eps>
File: Visio-fig05z.eps Graphic file (type eps)
 <Visio-fig05z.eps> [152
Non-PDF special ignored!
Non-PDF special ignored!]
File: Visio-fig06z.eps Graphic file (type eps)
 <Visio-fig06z.eps> [153
Non-PDF special ignored!]
File: Visio-fig07z.eps Graphic file (type eps)
 <Visio-fig07z.eps> [154
Non-PDF special ignored!] [155] [156]
File: Drawing10_1.eps Graphic file (type eps)
 <Drawing10_1.eps> [157
Non-PDF special ignored!] [158] [159]
File: Drawing22_1.eps Graphic file (type eps)
 <Drawing22_1.eps> [160
Non-PDF special ignored!] [161]
Overfull \hbox (27.03343pt too wide) detected at line 1141
[]
 []

[162]
File: Drawing30_2.eps Graphic file (type eps)
 <Drawing30_2.eps>
File: Drawing32_1.eps Graphic file (type eps)
 <Drawing32_1.eps> [163] [164
Non-PDF special ignored!
Non-PDF special ignored!] [165] [166] [167] [168]
Overfull \hbox (37.8117pt too wide) detected at line 1468
[]
 []

[169] [170] [171] [172] [173] [174] [175] [176] [177] [178]
File: Drawing641_1.eps Graphic file (type eps)
 <Drawing641_1.eps>
File: Drawing643_1.eps Graphic file (type eps)

<Drawing643_1.eps>
File: Drawing642_2.eps Graphic file (type eps)
 <Drawing642_2.eps> [179] [180
Non-PDF special ignored!
Non-PDF special ignored!]
Overfull \hbox (24.2984pt too wide) in paragraph at lines 1893--1911
\OT1/ptm/m/n/12 We first ob-serve that the as-sign-ments $\OT1/cmr/m/n/12 (\OML
/cmm/m/it/12 i[]; i[]; i[]; i[]; i[]; i[]; i[]; i[]; i[]; i[]\OT1/cmr/m/n/12 )$
 \OT1/ptm/m/n/12 = $\OT1/cmr/m/n/12 (\OML/cmm/m/it/12 x; y; z; w; y; z; x; z; x
; y\OT1/cmr/m/n/12 )$
 []

[181
Non-PDF special ignored!] [182] [183] [184]
Overfull \hbox (55.71518pt too wide) in paragraph at lines 2028--2050
[][] 
 []

[185]
Overfull \hbox (53.85538pt too wide) in paragraph at lines 2213--2233
[][] 
 []

[186] [187] [188] [189] [190] [191] [192]
Overfull \hbox (46.47806pt too wide) in paragraph at lines 2528--2539
[][] 
 []

[193] [194] [195] [196] [197]
Overfull \hbox (7.74469pt too wide) in paragraph at lines 2711--2722
[][] 
 []

[198] [199] [200]
Overfull \hbox (24.54915pt too wide) in paragraph at lines 2991--3002
\OT1/cmr/m/n/12 (\OML/cmm/m/it/12 i[]; i[]; i[]; i[]; i[]; i[]; i[]; i[]; i[]; 
i[]\OT1/cmr/m/n/12 )$\OT1/ptm/m/n/12 = $\OT1/cmr/m/n/12 (\OML/cmm/m/it/12 x; y;
 z; w; x; y; z; z; w; y\OT1/cmr/m/n/12 )$ \OT1/ptm/m/n/12 and $\OT1/cmr/m/n/12 
(\OML/cmm/m/it/12 i[]; i[]; i[]; i[]; i[]; i[]; i[]; i[]; i[]; i[]\OT1/cmr/m/n/
12 )$\OT1/ptm/m/n/12 =
 []

[201]
Overfull \hbox (10.06749pt too wide) in paragraph at lines 3025--3027
[]\OT1/ptm/m/n/12 By ex-press-ing $\OML/cmm/m/it/12 b$\OT1/ptm/m/n/12 , $\OML/c
mm/m/it/12 c$ \OT1/ptm/m/n/12 and $\OML/cmm/m/it/12 d$ \OT1/ptm/m/n/12 in terms
 of $\OML/cmm/m/it/12 a$\OT1/ptm/m/n/12 , and sub-sti-tut-ing in the bot-tom tw
o con-straints []
 []

[202] [203]
File: 474_lara3.eps Graphic file (type eps)
 <474_lara3.eps>) [204
Non-PDF special ignored!] [205]
\openout2 = `conc.aux'.

 (./conc.tex [206



] [207]) [208] (./main.bbl)
\openout2 = `refs.aux'.


(./refs.tex [209



] [210]
Underfull \hbox (badness 4316) in paragraph at lines 90--96
[]\OT1/ptm/m/n/12 L. Dole-cek,  ``On Struc-tural Prop-er-ties of Reed-Muller RM
($\OT1/cmr/m/n/12 1$\OT1/ptm/m/n/12 ,$\OML/cmm/m/it/12 m$\OT1/ptm/m/n/12 ) Code
s
 []


Underfull \hbox (badness 8170) in paragraph at lines 90--96
\OT1/ptm/m/n/12 and Their Use in Chan-nels with Syn-chro-niza-tion Er-rors",  T
ech-ni-cal
 []


Underfull \hbox (badness 7504) in paragraph at lines 90--96
\OT1/ptm/m/n/12 re-port, EECS Dept., UC Berke-ley, April 2006.  Avail-able on-l
ine at
 []

[211] [212] [213] [214]
Underfull \hbox (badness 1910) in paragraph at lines 282--285
[]\OT1/ptm/m/n/12 N. J. A. Sloane, "On sin-gle dele-tion cor-rect-ing codes", 2
000. Avail-able at
 []

[215] [216]
Underfull \hbox (badness 10000) in paragraph at lines 359--361
[]\OT1/ptm/m/n/12 IEEE Stan-dard 802.3an-2006, Sept. 2006 Avail-able at
 []

) [217] (./main.aux (./title.aux) (./overview.aux) (./intro1.aux)
(./reed-muller-struc.aux) (./reed-muller-perfm.aux) (./numbertheory2.aux)
(./prefixing3.aux) (./introb.aux) (./iterativeBG.aux) (./arrayabs5.aux)
(./conc.aux) (./refs.aux))

LaTeX Warning: There were multiply-defined labels.

 ) 
Here is how much of TeX's memory you used:
 2319 strings out of 94073
 25959 string characters out of 1162984
 87670 words of memory out of 1500000
 5460 multiletter control sequences out of 10000+50000
 36015 words of font info for 100 fonts, out of 1200000 for 2000
 648 hyphenation exceptions out of 8191
 27i,14n,24p,326b,283s stack positions out of 5000i,500n,6000p,200000b,5000s
{/usr/local/texlive/2007/texmf-dist/fonts/enc/dvips/base/8r.enc}</usr/local/t
exlive/2007/texmf-dist/fonts/type1/bluesky/cm/cmbx12.pfb></usr/local/texlive/20
07/texmf-dist/fonts/type1/bluesky/cm/cmbx6.pfb></usr/local/texlive/2007/texmf-d
ist/fonts/type1/bluesky/cm/cmbx8.pfb></usr/local/texlive/2007/texmf-dist/fonts/
type1/bluesky/cm/cmex10.pfb></usr/local/texlive/2007/texmf-dist/fonts/type1/blu
esky/cm/cmmi10.pfb></usr/local/texlive/2007/texmf-dist/fonts/type1/bluesky/cm/c
mmi12.pfb></usr/local/texlive/2007/texmf-dist/fonts/type1/bluesky/cm/cmmi6.pfb>
</usr/local/texlive/2007/texmf-dist/fonts/type1/bluesky/cm/cmmi8.pfb></usr/loca
l/texlive/2007/texmf-dist/fonts/type1/bluesky/cm/cmr10.pfb></usr/local/texlive/
2007/texmf-dist/fonts/type1/bluesky/cm/cmr12.pfb></usr/local/texlive/2007/texmf
-dist/fonts/type1/bluesky/cm/cmr17.pfb></usr/local/texlive/2007/texmf-dist/font
s/type1/bluesky/cm/cmr6.pfb></usr/local/texlive/2007/texmf-dist/fonts/type1/blu
esky/cm/cmr8.pfb></usr/local/texlive/2007/texmf-dist/fonts/type1/bluesky/cm/cms
y10.pfb></usr/local/texlive/2007/texmf-dist/fonts/type1/bluesky/cm/cmsy6.pfb></
usr/local/texlive/2007/texmf-dist/fonts/type1/bluesky/cm/cmsy8.pfb></usr/local/
texlive/2007/texmf-dist/fonts/type1/public/cmex/fmex8.pfb></usr/local/texlive/2
007/texmf-dist/fonts/type1/bluesky/latex-fonts/line10.pfb></usr/local/texlive/2
007/texmf-dist/fonts/type1/bluesky/ams/msam10.pfb></usr/local/texlive/2007/texm
f-dist/fonts/type1/urw/times/utmb8a.pfb></usr/local/texlive/2007/texmf-dist/fon
ts/type1/urw/times/utmr8a.pfb></usr/local/texlive/2007/texmf-dist/fonts/type1/u
rw/times/utmri8a.pfb>
Output written on main.pdf (230 pages, 677810 bytes).
PDF statistics:
 830 PDF objects out of 1000 (max. 8388607)
 0 named destinations out of 1000 (max. 131072)
 1 words of extra memory for PDF output out of 10000 (max. 10000000)

