This is e-TeX, Version 3.141592-2.2 (MiKTeX 2.4) (preloaded format=latex 2004.12.30)  12 NOV 2007 21:06
entering extended mode
**repsets2.tex
(repsets2.tex
LaTeX2e <2003/12/01>
Babel <v3.8a> and hyphenation patterns for english, french, german, ngerman, du
mylang, nohyphenation, loaded.
(C:\Program Files\MiKTeX\texmf\tex\latex\base\article.cls
Document Class: article 2004/02/16 v1.4f Standard LaTeX document class
(C:\Program Files\MiKTeX\texmf\tex\latex\base\size12.clo
File: size12.clo 2004/02/16 v1.4f Standard LaTeX file (size option)
)
\c@part=\count79
\c@section=\count80
\c@subsection=\count81
\c@subsubsection=\count82
\c@paragraph=\count83
\c@subparagraph=\count84
\c@figure=\count85
\c@table=\count86
\abovecaptionskip=\skip41
\belowcaptionskip=\skip42
\bibindent=\dimen102
)
(C:\Program Files\MiKTeX\texmf\tex\latex\amsmath\amstext.sty
Package: amstext 2000/06/29 v2.01

(C:\Program Files\MiKTeX\texmf\tex\latex\amsmath\amsgen.sty
File: amsgen.sty 1999/11/30 v2.0
\@emptytoks=\toks14
\ex@=\dimen103
))
(C:\Program Files\MiKTeX\texmf\tex\latex\amsfonts\amssymb.sty
Package: amssymb 2002/01/22 v2.2d

(C:\Program Files\MiKTeX\texmf\tex\latex\amsfonts\amsfonts.sty
Package: amsfonts 2001/10/25 v2.2f
\symAMSa=\mathgroup4
\symAMSb=\mathgroup5
LaTeX Font Info:    Overwriting math alphabet `\mathfrak' in version `bold'
(Font)                  U/euf/m/n --> U/euf/b/n on input line 132.
))
(C:\Program Files\MiKTeX\texmf\tex\latex\graphics\graphicx.sty
Package: graphicx 1999/02/16 v1.0f Enhanced LaTeX Graphics (DPC,SPQR)

(C:\Program Files\MiKTeX\texmf\tex\latex\graphics\keyval.sty
Package: keyval 1999/03/16 v1.13 key=value parser (DPC)
\KV@toks@=\toks15
)
(C:\Program Files\MiKTeX\texmf\tex\latex\graphics\graphics.sty
Package: graphics 2001/07/07 v1.0n Standard LaTeX Graphics (DPC,SPQR)

(C:\Program Files\MiKTeX\texmf\tex\latex\graphics\trig.sty
Package: trig 1999/03/16 v1.09 sin cos tan (DPC)
)
(C:\Program Files\MiKTeX\texmf\tex\latex\00miktex\graphics.cfg
File: graphics.cfg 2003/03/12 v1.1 MiKTeX 'graphics' configuration
)
Package graphics Info: Driver file: dvips.def on input line 80.

(C:\Program Files\MiKTeX\texmf\tex\latex\graphics\dvips.def
File: dvips.def 1999/02/16 v3.0i Driver-dependant file (DPC,SPQR)
))
\Gin@req@height=\dimen104
\Gin@req@width=\dimen105
)
(C:\Program Files\MiKTeX\texmf\tex\latex\psnfss\times.sty
Package: times 2004/09/15 PSNFSS-v9.2 (SPQR) 
)
(C:\Program Files\MiKTeX\texmf\tex\generic\psfig\psfig.sty
\@unused=\write3
\ps@stream=\read1
\p@intvaluex=\dimen106
\p@intvaluey=\dimen107

psfig/tex 1.10-dvips
) (C:\Program Files\MiKTeX\texmf\tex\latex\base\latexsym.sty
Package: latexsym 1998/08/17 v2.2e Standard LaTeX package (lasy symbols)
\symlasy=\mathgroup6
LaTeX Font Info:    Overwriting symbol font `lasy' in version `bold'
(Font)                  U/lasy/m/n --> U/lasy/b/n on input line 47.
)
(C:\Program Files\MiKTeX\texmf\tex\latex\amsmath\amsmath.sty
Package: amsmath 2000/07/18 v2.13 AMS math features
\@mathmargin=\skip43

For additional information on amsmath, use the `?' option.
(C:\Program Files\MiKTeX\texmf\tex\latex\amsmath\amsbsy.sty
Package: amsbsy 1999/11/29 v1.2d
\pmbraise@=\dimen108
)
(C:\Program Files\MiKTeX\texmf\tex\latex\amsmath\amsopn.sty
Package: amsopn 1999/12/14 v2.01 operator names
)
\inf@bad=\count87
LaTeX Info: Redefining \frac on input line 211.
\uproot@=\count88
\leftroot@=\count89
LaTeX Info: Redefining \overline on input line 307.
\classnum@=\count90
\DOTSCASE@=\count91
LaTeX Info: Redefining \ldots on input line 379.
LaTeX Info: Redefining \dots on input line 382.
LaTeX Info: Redefining \cdots on input line 467.
\Mathstrutbox@=\box26
\strutbox@=\box27
\big@size=\dimen109
LaTeX Font Info:    Redeclaring font encoding OML on input line 567.
LaTeX Font Info:    Redeclaring font encoding OMS on input line 568.
\macc@depth=\count92
\c@MaxMatrixCols=\count93
\dotsspace@=\muskip10
\c@parentequation=\count94
\dspbrk@lvl=\count95
\tag@help=\toks16
\row@=\count96
\column@=\count97
\maxfields@=\count98
\andhelp@=\toks17
\eqnshift@=\dimen110
\alignsep@=\dimen111
\tagshift@=\dimen112
\tagwidth@=\dimen113
\totwidth@=\dimen114
\lineht@=\dimen115
\@envbody=\toks18
\multlinegap=\skip44
\multlinetaggap=\skip45
\mathdisplay@stack=\toks19
LaTeX Info: Redefining \[ on input line 2666.
LaTeX Info: Redefining \] on input line 2667.
)
\c@theorem=\count99
\c@lemma=\count100
\c@corollary=\count101
\c@proposal=\count102
\c@definition=\count103
 (repsets2.aux

LaTeX Warning: Label `union' multiply defined.


LaTeX Warning: Label `w31a' multiply defined.


LaTeX Warning: Label `eqwi' multiply defined.

)
LaTeX Font Info:    Checking defaults for OML/cmm/m/it on input line 34.
LaTeX Font Info:    ... okay on input line 34.
LaTeX Font Info:    Checking defaults for T1/cmr/m/n on input line 34.
LaTeX Font Info:    ... okay on input line 34.
LaTeX Font Info:    Checking defaults for OT1/cmr/m/n on input line 34.
LaTeX Font Info:    ... okay on input line 34.
LaTeX Font Info:    Checking defaults for OMS/cmsy/m/n on input line 34.
LaTeX Font Info:    ... okay on input line 34.
LaTeX Font Info:    Checking defaults for OMX/cmex/m/n on input line 34.
LaTeX Font Info:    ... okay on input line 34.
LaTeX Font Info:    Checking defaults for U/cmr/m/n on input line 34.
LaTeX Font Info:    ... okay on input line 34.
LaTeX Font Info:    Try loading font information for OT1+ptm on input line 34.
 (C:\Program Files\MiKTeX\texmf\tex\latex\psnfss\ot1ptm.fd
File: ot1ptm.fd 2001/06/04 font definitions for OT1/ptm.
)
LaTeX Font Info:    Try loading font information for U+msa on input line 36.

(C:\Program Files\MiKTeX\texmf\tex\latex\amsfonts\umsa.fd
File: umsa.fd 2002/01/19 v2.2g AMS font definitions
)
LaTeX Font Info:    Try loading font information for U+msb on input line 36.

(C:\Program Files\MiKTeX\texmf\tex\latex\amsfonts\umsb.fd
File: umsb.fd 2002/01/19 v2.2g AMS font definitions
)
LaTeX Font Info:    Try loading font information for U+lasy on input line 36.

(C:\Program Files\MiKTeX\texmf\tex\latex\base\ulasy.fd
File: ulasy.fd 1998/08/17 v2.2e LaTeX symbol font definitions
)

LaTeX Warning: No \author given.

LaTeX Font Info:    Font shape `OT1/ptm/bx/n' in size <10.95> not available
(Font)              Font shape `OT1/ptm/b/n' tried instead on input line 38.
LaTeX Font Info:    Font shape `OT1/ptm/bx/n' in size <17.28> not available
(Font)              Font shape `OT1/ptm/b/n' tried instead on input line 62.
[1

] [2] [3]
LaTeX Font Info:    Font shape `OT1/ptm/bx/n' in size <12> not available
(Font)              Font shape `OT1/ptm/b/n' tried instead on input line 191.
 [4]
LaTeX Font Info:    Font shape `OT1/ptm/bx/n' in size <14.4> not available
(Font)              Font shape `OT1/ptm/b/n' tried instead on input line 218.
 [5] [6] [7] [8] [9] [10] [11] [12] [13] [14]
Overfull \hbox (21.24199pt too wide) in paragraph at lines 921--921
[][]\OT1/ptm/m/it/12 If each $\OML/cmm/m/it/12 p[]$ \OT1/ptm/m/it/12 is prime a
nd $\OML/cmm/m/it/12 p[] >$ \OT1/ptm/m/it/12 max$\OT1/cmr/m/n/12 (\OML/cmm/m/it
/12 r; l\OT1/cmr/m/n/12 )$\OT1/ptm/m/it/12 , the set $[]\OML/cmm/m/it/12 S []$
 []

[15]
Overfull \hbox (17.07494pt too wide) in paragraph at lines 953--955
[][]\OT1/ptm/m/n/12 Since for all $\OML/cmm/m/it/12 n$ \OT1/ptm/m/n/12 there ex
-ists a prime be-tween $\OML/cmm/m/it/12 n$ \OT1/ptm/m/n/12 and $\OT1/cmr/m/n/1
2 2\OML/cmm/m/it/12 n$ \OT1/ptm/m/n/12 it fol-lows that the car-di-nal-ity of $
[]\OT1/cmr/m/n/12 (\OML/cmm/m/it/12 m; l; [][]; p[]\OT1/cmr/m/n/12 )$
 []


LaTeX Font Warning: Command \large invalid in math mode on input line 970.

[16] [17] [18] [19] [20]
Overfull \hbox (0.77055pt too wide) in paragraph at lines 1252--1259
[][]\OT1/ptm/m/n/12 By in-tro-duc-ing sets $\OML/cmm/m/it/12 A[]\OT1/cmr/m/n/12
 (\OML/cmm/m/it/12 x[]\OT1/cmr/m/n/12 )$ \OT1/ptm/m/n/12 we have ef-fec-tively 
de-com-posed all residues of the type $\OT1/cmr/m/n/12 [2[]\OML/cmm/m/it/12 z[]
\OT1/cmr/m/n/12 ][]$\OT1/ptm/m/n/12 ,
 []

[21] [22] [23] [24] [25] [26] [27] [28] [29] [30]
Overfull \hbox (0.54135pt too wide) in paragraph at lines 1776--1778
[][]\OT1/ptm/m/n/12 To show that there ex-ists a prime $\OML/cmm/m/it/12 P$ \OT
1/ptm/m/n/12 in the in-ter-val $\OT1/cmr/m/n/12 (\OML/cmm/m/it/12 c[]n; c[]n\OT
1/cmr/m/n/12 )$ \OT1/ptm/m/n/12 for which $\OML/cmm/m/it/12 k \OT1/cmr/m/n/12 =
 \OML/cmm/m/it/12 lcm\OT1/cmr/m/n/12 (2\OML/cmm/m/it/12 ; \OT1/cmr/m/n/12 3\OML
/cmm/m/it/12 ; :::; r\OT1/cmr/m/n/12 )\OMS/cmsy/m/n/12 j\OT1/cmr/m/n/12 (\OML/c
mm/m/it/12 P \OMS/cmsy/m/n/12  
 []

[31]
LaTeX Font Info:    Try loading font information for OMS+ptm on input line 1838
.
 (C:\Program Files\MiKTeX\texmf\tex\latex\psnfss\omsptm.fd
File: omsptm.fd 
)
LaTeX Font Info:    Font shape `OMS/ptm/m/n' in size <12> not available
(Font)              Font shape `OMS/cmsy/m/n' tried instead on input line 1838.

 [32] [33]
[34] [35] [36] [37] [38] (repsets2.aux)

LaTeX Warning: There were multiply-defined labels.

 ) 
Here is how much of TeX's memory you used:
 1958 strings out of 95898
 20583 string characters out of 1194699
 74192 words of memory out of 1070289
 4911 multiletter control sequences out of 60000
 20284 words of font info for 71 fonts, out of 500000 for 1000
 18 hyphenation exceptions out of 607
 25i,12n,24p,233b,207s stack positions out of 1500i,500n,5000p,200000b,32768s

Output written on repsets2.dvi (38 pages, 153804 bytes).
