This is e-TeX, Version 3.141592-2.2 (MiKTeX 2.4) (preloaded format=latex 2004.12.30)  2 NOV 2007 16:05
entering extended mode
**rmsup2.tex
(rmsup2.tex
LaTeX2e <2003/12/01>
Babel <v3.8a> and hyphenation patterns for english, french, german, ngerman, du
mylang, nohyphenation, loaded.
(C:\Program Files\MiKTeX\texmf\tex\latex\base\article.cls
Document Class: article 2004/02/16 v1.4f Standard LaTeX document class
(C:\Program Files\MiKTeX\texmf\tex\latex\base\size12.clo
File: size12.clo 2004/02/16 v1.4f Standard LaTeX file (size option)
)
\c@part=\count79
\c@section=\count80
\c@subsection=\count81
\c@subsubsection=\count82
\c@paragraph=\count83
\c@subparagraph=\count84
\c@figure=\count85
\c@table=\count86
\abovecaptionskip=\skip41
\belowcaptionskip=\skip42
\bibindent=\dimen102
)
(C:\Program Files\MiKTeX\texmf\tex\latex\amsmath\amstext.sty
Package: amstext 2000/06/29 v2.01

(C:\Program Files\MiKTeX\texmf\tex\latex\amsmath\amsgen.sty
File: amsgen.sty 1999/11/30 v2.0
\@emptytoks=\toks14
\ex@=\dimen103
))
(C:\Program Files\MiKTeX\texmf\tex\latex\amsfonts\amssymb.sty
Package: amssymb 2002/01/22 v2.2d

(C:\Program Files\MiKTeX\texmf\tex\latex\amsfonts\amsfonts.sty
Package: amsfonts 2001/10/25 v2.2f
\symAMSa=\mathgroup4
\symAMSb=\mathgroup5
LaTeX Font Info:    Overwriting math alphabet `\mathfrak' in version `bold'
(Font)                  U/euf/m/n --> U/euf/b/n on input line 132.
))
(C:\Program Files\MiKTeX\texmf\tex\latex\graphics\graphicx.sty
Package: graphicx 1999/02/16 v1.0f Enhanced LaTeX Graphics (DPC,SPQR)

(C:\Program Files\MiKTeX\texmf\tex\latex\graphics\keyval.sty
Package: keyval 1999/03/16 v1.13 key=value parser (DPC)
\KV@toks@=\toks15
)
(C:\Program Files\MiKTeX\texmf\tex\latex\graphics\graphics.sty
Package: graphics 2001/07/07 v1.0n Standard LaTeX Graphics (DPC,SPQR)

(C:\Program Files\MiKTeX\texmf\tex\latex\graphics\trig.sty
Package: trig 1999/03/16 v1.09 sin cos tan (DPC)
)
(C:\Program Files\MiKTeX\texmf\tex\latex\00miktex\graphics.cfg
File: graphics.cfg 2003/03/12 v1.1 MiKTeX 'graphics' configuration
)
Package graphics Info: Driver file: dvips.def on input line 80.

(C:\Program Files\MiKTeX\texmf\tex\latex\graphics\dvips.def
File: dvips.def 1999/02/16 v3.0i Driver-dependant file (DPC,SPQR)
))
\Gin@req@height=\dimen104
\Gin@req@width=\dimen105
)
(C:\Program Files\MiKTeX\texmf\tex\latex\psnfss\times.sty
Package: times 2004/09/15 PSNFSS-v9.2 (SPQR) 
)
(C:\Program Files\MiKTeX\texmf\tex\generic\psfig\psfig.sty
\@unused=\write3
\ps@stream=\read1
\p@intvaluex=\dimen106
\p@intvaluey=\dimen107

psfig/tex 1.10-dvips
) (C:\Program Files\MiKTeX\texmf\tex\latex\base\latexsym.sty
Package: latexsym 1998/08/17 v2.2e Standard LaTeX package (lasy symbols)
\symlasy=\mathgroup6
LaTeX Font Info:    Overwriting symbol font `lasy' in version `bold'
(Font)                  U/lasy/m/n --> U/lasy/b/n on input line 47.
)
(C:\Program Files\MiKTeX\texmf\tex\latex\amsmath\amsmath.sty
Package: amsmath 2000/07/18 v2.13 AMS math features
\@mathmargin=\skip43

For additional information on amsmath, use the `?' option.
(C:\Program Files\MiKTeX\texmf\tex\latex\amsmath\amsbsy.sty
Package: amsbsy 1999/11/29 v1.2d
\pmbraise@=\dimen108
)
(C:\Program Files\MiKTeX\texmf\tex\latex\amsmath\amsopn.sty
Package: amsopn 1999/12/14 v2.01 operator names
)
\inf@bad=\count87
LaTeX Info: Redefining \frac on input line 211.
\uproot@=\count88
\leftroot@=\count89
LaTeX Info: Redefining \overline on input line 307.
\classnum@=\count90
\DOTSCASE@=\count91
LaTeX Info: Redefining \ldots on input line 379.
LaTeX Info: Redefining \dots on input line 382.
LaTeX Info: Redefining \cdots on input line 467.
\Mathstrutbox@=\box26
\strutbox@=\box27
\big@size=\dimen109
LaTeX Font Info:    Redeclaring font encoding OML on input line 567.
LaTeX Font Info:    Redeclaring font encoding OMS on input line 568.
\macc@depth=\count92
\c@MaxMatrixCols=\count93
\dotsspace@=\muskip10
\c@parentequation=\count94
\dspbrk@lvl=\count95
\tag@help=\toks16
\row@=\count96
\column@=\count97
\maxfields@=\count98
\andhelp@=\toks17
\eqnshift@=\dimen110
\alignsep@=\dimen111
\tagshift@=\dimen112
\tagwidth@=\dimen113
\totwidth@=\dimen114
\lineht@=\dimen115
\@envbody=\toks18
\multlinegap=\skip44
\multlinetaggap=\skip45
\mathdisplay@stack=\toks19
LaTeX Info: Redefining \[ on input line 2666.
LaTeX Info: Redefining \] on input line 2667.
)
\c@theorem=\count99
\c@lemma=\count100
\c@corollary=\count101
\c@proposal=\count102
\c@definition=\count103
 (rmsup2.aux)
LaTeX Font Info:    Checking defaults for OML/cmm/m/it on input line 24.
LaTeX Font Info:    ... okay on input line 24.
LaTeX Font Info:    Checking defaults for T1/cmr/m/n on input line 24.
LaTeX Font Info:    ... okay on input line 24.
LaTeX Font Info:    Checking defaults for OT1/cmr/m/n on input line 24.
LaTeX Font Info:    ... okay on input line 24.
LaTeX Font Info:    Checking defaults for OMS/cmsy/m/n on input line 24.
LaTeX Font Info:    ... okay on input line 24.
LaTeX Font Info:    Checking defaults for OMX/cmex/m/n on input line 24.
LaTeX Font Info:    ... okay on input line 24.
LaTeX Font Info:    Checking defaults for U/cmr/m/n on input line 24.
LaTeX Font Info:    ... okay on input line 24.
LaTeX Font Info:    Try loading font information for OT1+ptm on input line 24.

(C:\Program Files\MiKTeX\texmf\tex\latex\psnfss\ot1ptm.fd
File: ot1ptm.fd 2001/06/04 font definitions for OT1/ptm.
)
LaTeX Font Info:    Try loading font information for U+msa on input line 29.

(C:\Program Files\MiKTeX\texmf\tex\latex\amsfonts\umsa.fd
File: umsa.fd 2002/01/19 v2.2g AMS font definitions
)
LaTeX Font Info:    Try loading font information for U+msb on input line 29.

(C:\Program Files\MiKTeX\texmf\tex\latex\amsfonts\umsb.fd
File: umsb.fd 2002/01/19 v2.2g AMS font definitions
)
LaTeX Font Info:    Try loading font information for U+lasy on input line 29.

(C:\Program Files\MiKTeX\texmf\tex\latex\base\ulasy.fd
File: ulasy.fd 1998/08/17 v2.2e LaTeX symbol font definitions
)
LaTeX Font Info:    Font shape `OT1/ptm/bx/n' in size <14.4> not available
(Font)              Font shape `OT1/ptm/b/n' tried instead on input line 55.
LaTeX Font Info:    Font shape `OT1/ptm/bx/n' in size <12> not available
(Font)              Font shape `OT1/ptm/b/n' tried instead on input line 73.

Overfull \hbox (41.4818pt too wide) in paragraph at lines 73--78
[][]\OT1/ptm/m/it/12 The num-ber of runs in the code-word $\OT1/cmr/bx/n/12 c$ 
\OT1/ptm/m/it/12 given by $\OT1/cmr/bx/n/12 c \OT1/cmr/m/n/12 = []$ \OT1/ptm/m/
it/12 where $[]$ = $\OT1/cmr/m/n/12 (\OML/cmm/m/it/12 a[]; a[]; a[]; :::; a[]; 
a[]\OT1/cmr/m/n/12 )$
 []

[1

]
Overfull \hbox (48.8731pt too wide) detected at line 102
[]
 []


Overfull \hbox (97.99057pt too wide) detected at line 111
[]
 []


Overfull \hbox (18.79012pt too wide) detected at line 119
[]
 []

[2] [3] [4] (rmsup2.aux) ) 
Here is how much of TeX's memory you used:
 1820 strings out of 95898
 19238 string characters out of 1194699
 71248 words of memory out of 1069905
 4786 multiletter control sequences out of 60000
 13154 words of font info for 45 fonts, out of 500000 for 1000
 14 hyphenation exceptions out of 607
 25i,12n,24p,231b,178s stack positions out of 1500i,500n,5000p,200000b,32768s

Output written on rmsup2.dvi (4 pages, 13832 bytes).
