This is pdfeTeX, Version 3.141592-1.21a-2.2 (Web2C 7.5.4) (format=pdflatex 2008.10.20)  27 JAN 2010 13:07
entering extended mode
**eurosys.tex
(./eurosys.tex
LaTeX2e <2003/12/01>
Babel <v3.8d> and hyphenation patterns for american, french, german, ngerman, b
ahasa, basque, bulgarian, catalan, croatian, czech, danish, dutch, esperanto, e
stonian, finnish, greek, icelandic, irish, italian, latin, magyar, norsk, polis
h, portuges, romanian, russian, serbian, slovak, slovene, spanish, swedish, tur
kish, ukrainian, nohyphenation, loaded.
(./sigplanconf.cls
Document Class: sigplanconf 2009/09/30 v2.3 ACM SIGPLAN Proceedings
\@numheaddepth=\count79
(/opt/local/share/texmf-dist/tex/latex/base/article.cls
Document Class: article 2004/02/16 v1.4f Standard LaTeX document class
(/opt/local/share/texmf-dist/tex/latex/base/size10.clo
File: size10.clo 2004/02/16 v1.4f Standard LaTeX file (size option)
)
\c@part=\count80
\c@section=\count81
\c@subsection=\count82
\c@subsubsection=\count83
\c@paragraph=\count84
\c@subparagraph=\count85
\c@figure=\count86
\c@table=\count87
\abovecaptionskip=\skip41
\belowcaptionskip=\skip42
\bibindent=\dimen102
)
\standardtextwidth=\dimen103
\standardvspace=\skip43

Using natbib package with 'numbers' citation style.
(/opt/local/share/texmf-dist/tex/latex/natbib/natbib.sty
Package: natbib 2003/06/06 7.1 (PWD)
\bibhang=\skip44
\bibsep=\skip45
LaTeX Info: Redefining \cite on input line 518.
\c@NAT@ctr=\count88
)
\@sectionaboveskip=\skip46
\@sectionbelowskip=\skip47
\@subsectionaboveskip=\skip48
\@subsectionbelowskip=\skip49
\@paragraphaboveskip=\skip50
\@authorcount=\count89
\@titlenotecount=\count90
\@titlenotetext=\toks14
\@fnmark=\toks15
\@authori=\count91
\@measbox=\box26
)
(/opt/local/share/texmf-dist/tex/latex/graphics/color.sty
Package: color 1999/02/16 v1.0i Standard LaTeX Color (DPC)

(/opt/local/share/texmf-dist/tex/latex/graphics/color.cfg
File: color.cfg 2005/02/03 v1.3 color configuration of teTeX/TeXLive
)
Package color Info: Driver file: pdftex.def on input line 125.

(/opt/local/share/texmf-dist/tex/latex/graphics/pdftex.def
File: pdftex.def 2002/06/19 v0.03k graphics/color for pdftex
\Gread@gobject=\count92
))
(/opt/local/share/texmf-dist/tex/latex/psnfss/times.sty
Package: times 2004/09/15 PSNFSS-v9.2 (SPQR) 
)
(/opt/local/share/texmf-dist/tex/latex/url/url.sty
\Urlmuskip=\muskip10
Package: url 2004/03/15  ver 3.1  Verb mode for urls, etc.
)
(/opt/local/share/texmf-dist/tex/latex/graphics/graphicx.sty
Package: graphicx 1999/02/16 v1.0f Enhanced LaTeX Graphics (DPC,SPQR)

(/opt/local/share/texmf-dist/tex/latex/graphics/keyval.sty
Package: keyval 1999/03/16 v1.13 key=value parser (DPC)
\KV@toks@=\toks16
)
(/opt/local/share/texmf-dist/tex/latex/graphics/graphics.sty
Package: graphics 2001/07/07 v1.0n Standard LaTeX Graphics (DPC,SPQR)

(/opt/local/share/texmf-dist/tex/latex/graphics/trig.sty
Package: trig 1999/03/16 v1.09 sin cos tan (DPC)
)
(/opt/local/share/texmf-dist/tex/latex/graphics/graphics.cfg
File: graphics.cfg 2005/02/03 v1.3 graphics configuration of teTeX/TeXLive
)
Package graphics Info: Driver file: pdftex.def on input line 80.
)
\Gin@req@height=\dimen104
\Gin@req@width=\dimen105
)
(/opt/local/share/texmf-dist/tex/latex/boxedminipage/boxedminipage.sty)
(/opt/local/share/texmf-dist/tex/latex/tools/xspace.sty
Package: xspace 1997/10/13 v1.06 Space after command names (DPC)
)
(/opt/local/share/texmf-dist/tex/latex/base/textcomp.sty
Package: textcomp 2004/02/22 v1.99f Standard LaTeX package
Package textcomp Info: Sub-encoding information:
(textcomp)               5 = only ISO-Adobe without \textcurrency
(textcomp)               4 = 5 + \texteuro
(textcomp)               3 = 4 + \textohm
(textcomp)               2 = 3 + \textestimated + \textcurrency
(textcomp)               1 = TS1 - \textcircled - \t
(textcomp)               0 = TS1 (full)
(textcomp)             Font families with sub-encoding setting implement
(textcomp)             only a restricted character set as indicated.
(textcomp)             Family '?' is the default used for unknown fonts.
(textcomp)             See the documentation for details.
Package textcomp Info: Setting ? sub-encoding to TS1/1 on input line 71.

(/opt/local/share/texmf-dist/tex/latex/base/ts1enc.def
File: ts1enc.def 2001/06/05 v3.0e (jk/car/fm) Standard LaTeX file
)
LaTeX Info: Redefining \oldstylenums on input line 266.
Package textcomp Info: Setting cmr sub-encoding to TS1/0 on input line 281.
Package textcomp Info: Setting cmss sub-encoding to TS1/0 on input line 282.
Package textcomp Info: Setting cmtt sub-encoding to TS1/0 on input line 283.
Package textcomp Info: Setting cmvtt sub-encoding to TS1/0 on input line 284.
Package textcomp Info: Setting cmbr sub-encoding to TS1/0 on input line 285.
Package textcomp Info: Setting cmtl sub-encoding to TS1/0 on input line 286.
Package textcomp Info: Setting ccr sub-encoding to TS1/0 on input line 287.
Package textcomp Info: Setting ptm sub-encoding to TS1/4 on input line 288.
Package textcomp Info: Setting pcr sub-encoding to TS1/4 on input line 289.
Package textcomp Info: Setting phv sub-encoding to TS1/4 on input line 290.
Package textcomp Info: Setting ppl sub-encoding to TS1/3 on input line 291.
Package textcomp Info: Setting pag sub-encoding to TS1/4 on input line 292.
Package textcomp Info: Setting pbk sub-encoding to TS1/4 on input line 293.
Package textcomp Info: Setting pnc sub-encoding to TS1/4 on input line 294.
Package textcomp Info: Setting pzc sub-encoding to TS1/4 on input line 295.
Package textcomp Info: Setting bch sub-encoding to TS1/4 on input line 296.
Package textcomp Info: Setting put sub-encoding to TS1/5 on input line 297.
Package textcomp Info: Setting uag sub-encoding to TS1/5 on input line 298.
Package textcomp Info: Setting ugq sub-encoding to TS1/5 on input line 299.
Package textcomp Info: Setting ul8 sub-encoding to TS1/4 on input line 300.
Package textcomp Info: Setting ul9 sub-encoding to TS1/4 on input line 301.
Package textcomp Info: Setting augie sub-encoding to TS1/5 on input line 302.
Package textcomp Info: Setting dayrom sub-encoding to TS1/3 on input line 303.
Package textcomp Info: Setting dayroms sub-encoding to TS1/3 on input line 304.

Package textcomp Info: Setting pxr sub-encoding to TS1/0 on input line 305.
Package textcomp Info: Setting pxss sub-encoding to TS1/0 on input line 306.
Package textcomp Info: Setting pxtt sub-encoding to TS1/0 on input line 307.
Package textcomp Info: Setting txr sub-encoding to TS1/0 on input line 308.
Package textcomp Info: Setting txss sub-encoding to TS1/0 on input line 309.
Package textcomp Info: Setting txtt sub-encoding to TS1/0 on input line 310.
Package textcomp Info: Setting futs sub-encoding to TS1/4 on input line 311.
Package textcomp Info: Setting futx sub-encoding to TS1/4 on input line 312.
Package textcomp Info: Setting futj sub-encoding to TS1/4 on input line 313.
Package textcomp Info: Setting hlh sub-encoding to TS1/3 on input line 314.
Package textcomp Info: Setting hls sub-encoding to TS1/3 on input line 315.
Package textcomp Info: Setting hlst sub-encoding to TS1/3 on input line 316.
Package textcomp Info: Setting hlct sub-encoding to TS1/5 on input line 317.
Package textcomp Info: Setting hlx sub-encoding to TS1/5 on input line 318.
Package textcomp Info: Setting hlce sub-encoding to TS1/5 on input line 319.
Package textcomp Info: Setting hlcn sub-encoding to TS1/5 on input line 320.
Package textcomp Info: Setting hlcw sub-encoding to TS1/5 on input line 321.
Package textcomp Info: Setting hlcf sub-encoding to TS1/5 on input line 322.
Package textcomp Info: Setting pplx sub-encoding to TS1/3 on input line 323.
Package textcomp Info: Setting pplj sub-encoding to TS1/3 on input line 324.
Package textcomp Info: Setting ptmx sub-encoding to TS1/4 on input line 325.
Package textcomp Info: Setting ptmj sub-encoding to TS1/4 on input line 326.
)
(/opt/local/share/texmf-dist/tex/latex/wrapfig/wrapfig.sty
\wrapoverhang=\dimen106
\WF@size=\dimen107
\c@WF@wrappedlines=\count93
\WF@box=\box27
\WF@everypar=\toks17
Package: wrapfig 2003/01/31  v 3.6
)
(/opt/local/share/texmf-dist/tex/latex/preprint/balance.sty
Package: balance 1999/02/23 4.3 (PWD)
\oldvsize=\dimen108
)
(/opt/local/share/texmf-dist/tex/latex/microtype/microtype.sty
Package: microtype 2005/02/02 v1.6a Micro-typography with pdfTeX (RS)
\MT@count=\count94
Package microtype Info: Trying to load local config file `microtype.cfg' ...

(/opt/local/share/texmf-dist/tex/latex/microtype/microtype.cfg
File: microtype.cfg 2005/01/11 v1.5 microtype configuration file (RS)
)
Package microtype Info: ... local config file loaded successfully.
Package microtype Info: Generating PDF output.
Package microtype Info: Character protrusion enabled (level 2).
Package microtype Info: Using default protrusion set `alltext'.
Package microtype Info: Automatic font expansion enabled (level 2),
(microtype)             stretch: 20 / shrink: 20 / step: 4 / non-selected.
Package microtype Info: Using default expansion set `basictext'.
) (./eurosys.aux)
\openout1 = `eurosys.aux'.

LaTeX Font Info:    Checking defaults for OML/cmm/m/it on input line 31.
LaTeX Font Info:    ... okay on input line 31.
LaTeX Font Info:    Checking defaults for T1/cmr/m/n on input line 31.
LaTeX Font Info:    ... okay on input line 31.
LaTeX Font Info:    Checking defaults for OT1/cmr/m/n on input line 31.
LaTeX Font Info:    ... okay on input line 31.
LaTeX Font Info:    Checking defaults for OMS/cmsy/m/n on input line 31.
LaTeX Font Info:    ... okay on input line 31.
LaTeX Font Info:    Checking defaults for OMX/cmex/m/n on input line 31.
LaTeX Font Info:    ... okay on input line 31.
LaTeX Font Info:    Checking defaults for U/cmr/m/n on input line 31.
LaTeX Font Info:    ... okay on input line 31.
LaTeX Font Info:    Checking defaults for TS1/cmr/m/n on input line 31.
LaTeX Font Info:    Try loading font information for TS1+cmr on input line 31.
 (/opt/local/share/texmf-dist/tex/latex/base/ts1cmr.fd
File: ts1cmr.fd 1999/05/25 v2.5h Standard LaTeX font definitions
)
LaTeX Font Info:    ... okay on input line 31.
LaTeX Font Info:    Try loading font information for OT1+ptm on input line 31.

(/opt/local/share/texmf-dist/tex/latex/psnfss/ot1ptm.fd
File: ot1ptm.fd 2001/06/04 font definitions for OT1/ptm.
)
(/opt/local/share/texmf-dist/tex/latex/microtype/mt-ptm.cfg
File: mt-ptm.cfg 2005/01/11 v1.3 microtype config. file: Times (RS)
)
(/opt/local/share/texmf-dist/tex/context/base/supp-pdf.tex
(/opt/local/share/texmf-dist/tex/context/base/supp-mis.tex
loading : Context Support Macros / Miscellaneous (2004.10.26)
\protectiondepth=\count95
\scratchcounter=\count96
\scratchtoks=\toks18
\scratchdimen=\dimen109
\scratchskip=\skip51
\scratchmuskip=\muskip11
\scratchbox=\box28
\scratchread=\read1
\scratchwrite=\write3
\zeropoint=\dimen110
\onepoint=\dimen111
\onebasepoint=\dimen112
\minusone=\count97
\thousandpoint=\dimen113
\onerealpoint=\dimen114
\emptytoks=\toks19
\nextbox=\box29
\nextdepth=\dimen115
\everyline=\toks20
\!!counta=\count98
\!!countb=\count99
\recursecounter=\count100
)
loading : Context Support Macros / PDF (2004.03.26)
\nofMPsegments=\count101
\nofMParguments=\count102
\MPscratchCnt=\count103
\MPscratchDim=\dimen116
\MPnumerator=\count104
\everyMPtoPDFconversion=\toks21
)
LaTeX Font Info:    Font shape `OT1/ptm/bx/n' in size <17.28> not available
(Font)              Font shape `OT1/ptm/b/n' tried instead on input line 61.
LaTeX Font Info:    Try loading font information for OT1+phv on input line 61.
 (/opt/local/share/texmf-dist/tex/latex/psnfss/ot1phv.fd
File: ot1phv.fd 2001/06/04 scalable font definitions for OT1/phv.
)
LaTeX Font Info:    Try loading font information for TS1+ptm on input line 61.

(/opt/local/share/texmf-dist/tex/latex/psnfss/ts1ptm.fd
File: ts1ptm.fd 2001/06/04 font definitions for TS1/ptm.
)
LaTeX Font Info:    Font shape `OT1/ptm/bx/n' in size <12> not available
(Font)              Font shape `OT1/ptm/b/n' tried instead on input line 62.
LaTeX Font Info:    Font shape `OT1/ptm/bx/n' in size <10> not available
(Font)              Font shape `OT1/ptm/b/n' tried instead on input line 85.
LaTeX Font Info:    Font shape `OT1/ptm/bx/it' in size <10> not available
(Font)              Font shape `OT1/ptm/b/it' tried instead on input line 85.
 (./intro.tex
Underfull \vbox (badness 10000) has occurred while \output is active []

 [1{/opt/local/share/texmf-var/fonts/map/pdftex/updmap/pdftex.map}


]
(/opt/local/share/texmf-dist/tex/latex/microtype/mt-cmr.cfg
File: mt-cmr.cfg 2005/01/11 v1.5 microtype config. file: Computer Modern (RS)
)
LaTeX Font Info:    External font `cmex10' loaded for size
(Font)              <7> on input line 101.
LaTeX Font Info:    External font `cmex10' loaded for size
(Font)              <5> on input line 101.
LaTeX Font Info:    External font `cmex10' loaded for size
(Font)              <8> on input line 102.
LaTeX Font Info:    External font `cmex10' loaded for size
(Font)              <6> on input line 102.
) (./relwork.tex
[2]) (./bg.tex <jol-node.pdf, id=74, 481.05151pt x 221.26358pt>
File: jol-node.pdf Graphic file (type pdf)

<use jol-node.pdf> [3]) (./hdfs.tex [4 <./jol-node.pdf
Warning: /opt/local/bin/pdflatex (file ./jol-node.pdf): pdf inclusion: Page Gro
up detected which pdfTeX can't handle. Ignoring it.
>]
Underfull \vbox (badness 6125) has occurred while \output is active []

 [5])
(./rely.tex [6]) (./scale.tex) (./manage.tex [7]) [8] (./mapreduce.tex [9]
<graphs/reduce_stragglers.pdf, id=139, 363.3575pt x 218.8175pt>
File: graphs/reduce_stragglers.pdf Graphic file (type pdf)

<use graphs/reduce_stragglers.pdf>
Underfull \vbox (badness 10000) has occurred while \output is active []

)
(./eval.tex [10 <./graphs/reduce_stragglers.pdf>]
<graphs/fourgraphs.pdf, id=159, 555.07375pt x 364.36125pt>
File: graphs/fourgraphs.pdf Graphic file (type pdf)

<use graphs/fourgraphs.pdf>) (./lessons.tex [11])
Underfull \vbox (badness 1005) has occurred while \output is active []


(./conclusion.tex [12 <./graphs/fourgraphs.pdf>]) (./acknowledgments.tex)
(./eurosys.bbl
LaTeX Font Info:    External font `cmex10' loaded for size
(Font)              <9> on input line 119.

Overfull \vbox (1.36554pt too high) has occurred while \output is active []


[13]
Underfull \hbox (badness 2103) in paragraph at lines 172--174
[]\^^@ B. Szekely and E. Tor-res, Dec. 2005.  $\OT1/cmtt/m/n/9 http : / / www .

 []

) [14] (./eurosys.aux) ) 
Here is how much of TeX's memory you used:
 3019 strings out of 94500
 43180 string characters out of 1174972
 119727 words of memory out of 1000000
 5979 multiletter control sequences out of 10000+50000
 38516 words of font info for 137 fonts, out of 500000 for 2000
 580 hyphenation exceptions out of 1000
 32i,11n,30p,1684b,387s stack positions out of 1500i,500n,5000p,200000b,5000s
PDF statistics:
 221 PDF objects out of 300000
 0 named destinations out of 131072
 19472 words of extra memory for PDF output out of 65536
{/opt/local/share/texmf-dist/fonts/enc/dvips/psnfss/8r.
enc}</opt/local/share/texmf-dist/fonts/type1/urw/times/utmri8a.pfb></opt/local/
share/texmf-dist/fonts/type1/urw/times/utmri8a.pfb></opt/local/share/texmf-dist
/fonts/type1/bluesky/cm/cmtt9.pfb></opt/local/share/texmf-dist/fonts/type1/urw/
times/utmri8a.pfb></opt/local/share/texmf-dist/fonts/type1/bluesky/cm/cmmi7.pfb
></opt/local/share/texmf-dist/fonts/type1/bluesky/cm/cmr7.pfb></opt/local/share
/texmf-dist/fonts/type1/bluesky/cm/cmtt10.pfb></opt/local/share/texmf-dist/font
s/type1/bluesky/cm/cmsy10.pfb></opt/local/share/texmf-dist/fonts/type1/bluesky/
cm/cmr10.pfb></opt/local/share/texmf-dist/fonts/type1/urw/times/utmri8a.pfb></o
pt/local/share/texmf-dist/fonts/type1/bluesky/cm/cmmi10.pfb></opt/local/share/t
exmf-dist/fonts/type1/urw/times/utmri8a.pfb></opt/local/share/texmf-dist/fonts/
type1/bluesky/cm/cmtt8.pfb></opt/local/share/texmf-dist/fonts/type1/urw/times/u
tmri8a.pfb></opt/local/share/texmf-dist/fonts/type1/urw/times/utmri8a.pfb></opt
/local/share/texmf-dist/fonts/type1/urw/times/utmri8a.pfb></opt/local/share/tex
mf-dist/fonts/type1/urw/times/utmr8a.pfb></opt/local/share/texmf-dist/fonts/typ
e1/urw/times/utmr8a.pfb></opt/local/share/texmf-dist/fonts/type1/urw/times/utmr
i8a.pfb></opt/local/share/texmf-dist/fonts/type1/urw/times/utmbi8a.pfb></opt/lo
cal/share/texmf-dist/fonts/type1/urw/times/utmr8a.pfb></opt/local/share/texmf-d
ist/fonts/type1/urw/times/utmr8a.pfb></opt/local/share/texmf-dist/fonts/type1/u
rw/times/utmr8a.pfb></opt/local/share/texmf-dist/fonts/type1/urw/times/utmr8a.p
fb></opt/local/share/texmf-dist/fonts/type1/urw/times/utmr8a.pfb></opt/local/sh
are/texmf-dist/fonts/type1/urw/times/utmr8a.pfb></opt/local/share/texmf-dist/fo
nts/type1/urw/times/utmr8a.pfb></opt/local/share/texmf-dist/fonts/type1/urw/tim
es/utmri8a.pfb></opt/local/share/texmf-dist/fonts/type1/urw/times/utmr8a.pfb></
opt/local/share/texmf-dist/fonts/type1/urw/times/utmr8a.pfb></opt/local/share/t
exmf-dist/fonts/type1/urw/helvetic/uhvr8a.pfb></opt/local/share/texmf-dist/font
s/type1/urw/times/utmr8a.pfb></opt/local/share/texmf-dist/fonts/type1/urw/times
/utmb8a.pfb>
Output written on eurosys.pdf (14 pages, 590960 bytes).
