This is pdfTeXk, Version 3.141592-1.40.3 (Web2C 7.5.6) (format=pdflatex 2007.5.18)  12 MAR 2010 10:42
entering extended mode
\write18 enabled.
 %&-line parsing enabled.
**nsdi.tex
(./nsdi.tex
LaTeX2e <2005/12/01>
Babel <v3.8h> and hyphenation patterns for english, usenglishmax, dumylang, noh
yphenation, arabic, basque, bulgarian, coptic, welsh, czech, slovak, german, ng
erman, danish, esperanto, spanish, catalan, galician, estonian, farsi, finnish,
 french, greek, monogreek, ancientgreek, croatian, hungarian, interlingua, ibyc
us, indonesian, icelandic, italian, latin, mongolian, dutch, norsk, polish, por
tuguese, pinyin, romanian, russian, slovenian, uppersorbian, serbian, swedish, 
turkish, ukenglish, ukrainian, loaded.
(/usr/local/texlive/2007/texmf-dist/tex/latex/base/article.cls
Document Class: article 2005/09/16 v1.4f Standard LaTeX document class
(/usr/local/texlive/2007/texmf-dist/tex/latex/base/size10.clo
File: size10.clo 2005/09/16 v1.4f Standard LaTeX file (size option)
)
\c@part=\count79
\c@section=\count80
\c@subsection=\count81
\c@subsubsection=\count82
\c@paragraph=\count83
\c@subparagraph=\count84
\c@figure=\count85
\c@table=\count86
\abovecaptionskip=\skip41
\belowcaptionskip=\skip42
\bibindent=\dimen102
) (./usenix.sty
(/usr/local/texlive/2007/texmf-dist/tex/latex/psnfss/times.sty
Package: times 2005/04/12 PSNFSS-v9.2a (SPQR) 
))
(/usr/local/texlive/2007/texmf-dist/tex/latex/graphics/epsfig.sty
Package: epsfig 1999/02/16 v1.7a (e)psfig emulation (SPQR)

(/usr/local/texlive/2007/texmf-dist/tex/latex/graphics/graphicx.sty
Package: graphicx 1999/02/16 v1.0f Enhanced LaTeX Graphics (DPC,SPQR)

(/usr/local/texlive/2007/texmf-dist/tex/latex/graphics/keyval.sty
Package: keyval 1999/03/16 v1.13 key=value parser (DPC)
\KV@toks@=\toks14
)
(/usr/local/texlive/2007/texmf-dist/tex/latex/graphics/graphics.sty
Package: graphics 2006/02/20 v1.0o Standard LaTeX Graphics (DPC,SPQR)

(/usr/local/texlive/2007/texmf-dist/tex/latex/graphics/trig.sty
Package: trig 1999/03/16 v1.09 sin cos tan (DPC)
)
(/usr/local/texlive/2007/texmf/tex/latex/config/graphics.cfg
File: graphics.cfg 2007/01/18 v1.5 graphics configuration of teTeX/TeXLive
)
Package graphics Info: Driver file: pdftex.def on input line 90.

(/usr/local/texlive/2007/texmf-dist/tex/latex/pdftex-def/pdftex.def
File: pdftex.def 2007/01/08 v0.04d Graphics/color for pdfTeX
\Gread@gobject=\count87
))
\Gin@req@height=\dimen103
\Gin@req@width=\dimen104
)
\epsfxsize=\dimen105
\epsfysize=\dimen106
)
(/usr/local/texlive/2007/texmf-dist/tex/latex/ltxmisc/endnotes.sty
\c@endnote=\count88
\endnotesep=\dimen107
\@enotes=\write3
)
(/usr/local/texlive/2007/texmf-dist/tex/latex/microtype/microtype.sty
Package: microtype 2007/01/21 v2.0 Micro-typography with pdfTeX (RS)
\MT@toks=\toks15
\MT@count=\count89
LaTeX Info: Redefining \lsstyle on input line 1370.
LaTeX Info: Redefining \lslig on input line 1370.
LaTeX Info: Redefining \textls on input line 1371.
\MT@lskern=\dimen108
Package microtype Info: Loading configuration file microtype.cfg.

(/usr/local/texlive/2007/texmf-dist/tex/latex/microtype/microtype.cfg
File: microtype.cfg 2007/01/14 v2.0 microtype main configuration file (RS)
))
(/usr/local/texlive/2007/texmf-dist/tex/latex/graphics/color.sty
Package: color 2005/11/14 v1.0j Standard LaTeX Color (DPC)

(/usr/local/texlive/2007/texmf/tex/latex/config/color.cfg
File: color.cfg 2007/01/18 v1.5 color configuration of teTeX/TeXLive
)
Package color Info: Driver file: pdftex.def on input line 130.
)
(/usr/local/texlive/2007/texmf-dist/tex/latex/ltxmisc/url.sty
\Urlmuskip=\muskip10
Package: url 2005/06/27  ver 3.2  Verb mode for urls, etc.
)
(/usr/local/texlive/2007/texmf-dist/tex/latex/tools/xspace.sty
Package: xspace 2006/05/08 v1.12 Space after command names (DPC,MH)
)
(/usr/local/texlive/2007/texmf-dist/tex/latex/base/textcomp.sty
Package: textcomp 2005/09/27 v1.99g Standard LaTeX package
Package textcomp Info: Sub-encoding information:
(textcomp)               5 = only ISO-Adobe without \textcurrency
(textcomp)               4 = 5 + \texteuro
(textcomp)               3 = 4 + \textohm
(textcomp)               2 = 3 + \textestimated + \textcurrency
(textcomp)               1 = TS1 - \textcircled - \t
(textcomp)               0 = TS1 (full)
(textcomp)             Font families with sub-encoding setting implement
(textcomp)             only a restricted character set as indicated.
(textcomp)             Family '?' is the default used for unknown fonts.
(textcomp)             See the documentation for details.
Package textcomp Info: Setting ? sub-encoding to TS1/1 on input line 71.

(/usr/local/texlive/2007/texmf-dist/tex/latex/base/ts1enc.def
File: ts1enc.def 2001/06/05 v3.0e (jk/car/fm) Standard LaTeX file
)
LaTeX Info: Redefining \oldstylenums on input line 266.
Package textcomp Info: Setting cmr sub-encoding to TS1/0 on input line 281.
Package textcomp Info: Setting cmss sub-encoding to TS1/0 on input line 282.
Package textcomp Info: Setting cmtt sub-encoding to TS1/0 on input line 283.
Package textcomp Info: Setting cmvtt sub-encoding to TS1/0 on input line 284.
Package textcomp Info: Setting cmbr sub-encoding to TS1/0 on input line 285.
Package textcomp Info: Setting cmtl sub-encoding to TS1/0 on input line 286.
Package textcomp Info: Setting ccr sub-encoding to TS1/0 on input line 287.
Package textcomp Info: Setting ptm sub-encoding to TS1/4 on input line 288.
Package textcomp Info: Setting pcr sub-encoding to TS1/4 on input line 289.
Package textcomp Info: Setting phv sub-encoding to TS1/4 on input line 290.
Package textcomp Info: Setting ppl sub-encoding to TS1/3 on input line 291.
Package textcomp Info: Setting pag sub-encoding to TS1/4 on input line 292.
Package textcomp Info: Setting pbk sub-encoding to TS1/4 on input line 293.
Package textcomp Info: Setting pnc sub-encoding to TS1/4 on input line 294.
Package textcomp Info: Setting pzc sub-encoding to TS1/4 on input line 295.
Package textcomp Info: Setting bch sub-encoding to TS1/4 on input line 296.
Package textcomp Info: Setting put sub-encoding to TS1/5 on input line 297.
Package textcomp Info: Setting uag sub-encoding to TS1/5 on input line 298.
Package textcomp Info: Setting ugq sub-encoding to TS1/5 on input line 299.
Package textcomp Info: Setting ul8 sub-encoding to TS1/4 on input line 300.
Package textcomp Info: Setting ul9 sub-encoding to TS1/4 on input line 301.
Package textcomp Info: Setting augie sub-encoding to TS1/5 on input line 302.
Package textcomp Info: Setting dayrom sub-encoding to TS1/3 on input line 303.
Package textcomp Info: Setting dayroms sub-encoding to TS1/3 on input line 304.

Package textcomp Info: Setting pxr sub-encoding to TS1/0 on input line 305.
Package textcomp Info: Setting pxss sub-encoding to TS1/0 on input line 306.
Package textcomp Info: Setting pxtt sub-encoding to TS1/0 on input line 307.
Package textcomp Info: Setting txr sub-encoding to TS1/0 on input line 308.
Package textcomp Info: Setting txss sub-encoding to TS1/0 on input line 309.
Package textcomp Info: Setting txtt sub-encoding to TS1/0 on input line 310.
Package textcomp Info: Setting futs sub-encoding to TS1/4 on input line 311.
Package textcomp Info: Setting futx sub-encoding to TS1/4 on input line 312.
Package textcomp Info: Setting futj sub-encoding to TS1/4 on input line 313.
Package textcomp Info: Setting hlh sub-encoding to TS1/3 on input line 314.
Package textcomp Info: Setting hls sub-encoding to TS1/3 on input line 315.
Package textcomp Info: Setting hlst sub-encoding to TS1/3 on input line 316.
Package textcomp Info: Setting hlct sub-encoding to TS1/5 on input line 317.
Package textcomp Info: Setting hlx sub-encoding to TS1/5 on input line 318.
Package textcomp Info: Setting hlce sub-encoding to TS1/5 on input line 319.
Package textcomp Info: Setting hlcn sub-encoding to TS1/5 on input line 320.
Package textcomp Info: Setting hlcw sub-encoding to TS1/5 on input line 321.
Package textcomp Info: Setting hlcf sub-encoding to TS1/5 on input line 322.
Package textcomp Info: Setting pplx sub-encoding to TS1/3 on input line 323.
Package textcomp Info: Setting pplj sub-encoding to TS1/3 on input line 324.
Package textcomp Info: Setting ptmx sub-encoding to TS1/4 on input line 325.
Package textcomp Info: Setting ptmj sub-encoding to TS1/4 on input line 326.
)
(/usr/local/texlive/2007/texmf-dist/tex/latex/subfig/subfig.sty
Package: subfig 2005/06/28 ver: 1.3 subfig package

(/usr/local/texlive/2007/texmf-dist/tex/latex/caption/caption.sty
Package: caption 2007/01/07 v3.0k Customising captions (AR)

(/usr/local/texlive/2007/texmf-dist/tex/latex/caption/caption3.sty
Package: caption3 2007/01/07 v3.0k caption3 kernel (AR)
\captionmargin=\dimen109
\captionmarginx=\dimen110
\captionwidth=\dimen111
\captionindent=\dimen112
\captionparindent=\dimen113
\captionhangindent=\dimen114
))
\c@KVtest=\count90
\sf@farskip=\skip43
\sf@captopadj=\dimen115
\sf@capskip=\skip44
\sf@nearskip=\skip45
\c@subfigure=\count91
\c@subfigure@save=\count92
\c@lofdepth=\count93
\c@subtable=\count94
\c@subtable@save=\count95
\c@lotdepth=\count96
\sf@top=\skip46
\sf@bottom=\skip47
)
(./nsdi.aux)
\openout1 = `nsdi.aux'.

LaTeX Font Info:    Checking defaults for OML/cmm/m/it on input line 39.
LaTeX Font Info:    ... okay on input line 39.
LaTeX Font Info:    Checking defaults for T1/cmr/m/n on input line 39.
LaTeX Font Info:    ... okay on input line 39.
LaTeX Font Info:    Checking defaults for OT1/cmr/m/n on input line 39.
LaTeX Font Info:    ... okay on input line 39.
LaTeX Font Info:    Checking defaults for OMS/cmsy/m/n on input line 39.
LaTeX Font Info:    ... okay on input line 39.
LaTeX Font Info:    Checking defaults for OMX/cmex/m/n on input line 39.
LaTeX Font Info:    ... okay on input line 39.
LaTeX Font Info:    Checking defaults for U/cmr/m/n on input line 39.
LaTeX Font Info:    ... okay on input line 39.
LaTeX Font Info:    Checking defaults for TS1/cmr/m/n on input line 39.
LaTeX Font Info:    Try loading font information for TS1+cmr on input line 39.
 (/usr/local/texlive/2007/texmf-dist/tex/latex/base/ts1cmr.fd
File: ts1cmr.fd 1999/05/25 v2.5h Standard LaTeX font definitions
)
LaTeX Font Info:    ... okay on input line 39.
LaTeX Font Info:    Try loading font information for OT1+ptm on input line 39.

(/usr/local/texlive/2007/texmf-dist/tex/latex/psnfss/ot1ptm.fd
File: ot1ptm.fd 2001/06/04 font definitions for OT1/ptm.
)
(/usr/local/texlive/2007/texmf-dist/tex/context/base/supp-pdf.tex
[Loading MPS to PDF converter (version 2006.09.02).]
\scratchcounter=\count97
\scratchdimen=\dimen116
\scratchbox=\box26
\nofMPsegments=\count98
\nofMParguments=\count99
\MPscratchCnt=\count100
\MPscratchDim=\dimen117
\MPnumerator=\count101
\everyMPtoPDFconversion=\toks16
)
Package microtype Info: Generating PDF output.
Package microtype Info: Character protrusion enabled (level 2).
Package microtype Info: Using default protrusion set `alltext'.
Package microtype Info: Automatic font expansion enabled (level 2),
(microtype)             stretch: 20, shrink: 20, step: 4, non-selected.
Package microtype Info: Using default expansion set `basictext'.
Package microtype Info: No tracking.
Package microtype Info: No adjustment of interword spacing.
Package microtype Info: No adjustment of character kerning.
 (/usr/local/texlive/2007/texmf-dist/tex/latex/microtype/mt-ptm.cfg
File: mt-ptm.cfg 2006/04/20 v1.7 microtype config. file: Times (RS)
)
(/usr/local/texlive/2007/texmf-dist/tex/latex/ragged2e/ragged2e.sty
Package: ragged2e 2003/03/25 v2.04 ragged2e Package (MS)

(/usr/local/texlive/2007/texmf-dist/tex/latex/everysel/everysel.sty
Package: everysel 1999/06/08 v1.03 EverySelectfont Package (MS)
LaTeX Info: Redefining \selectfont on input line 125.
)
\CenteringLeftskip=\skip48
\RaggedLeftLeftskip=\skip49
\RaggedRightLeftskip=\skip50
\CenteringRightskip=\skip51
\RaggedLeftRightskip=\skip52
\RaggedRightRightskip=\skip53
\CenteringParfillskip=\skip54
\RaggedLeftParfillskip=\skip55
\RaggedRightParfillskip=\skip56
\JustifyingParfillskip=\skip57
\CenteringParindent=\skip58
\RaggedLeftParindent=\skip59
\RaggedRightParindent=\skip60
\JustifyingParindent=\skip61
)
Package caption Info: subref 1.2 or 1.3 detected on input line 39.
LaTeX Info: Redefining \subref on input line 39.
LaTeX Font Info:    Font shape `OT1/ptm/bx/n' in size <14.4> not available
(Font)              Font shape `OT1/ptm/b/n' tried instead on input line 55.

(/usr/local/texlive/2007/texmf-dist/tex/latex/microtype/mt-cmr.cfg
File: mt-cmr.cfg 2005/11/07 v1.9 microtype config. file: Computer Modern Roman 
(RS)
)
LaTeX Font Info:    External font `cmex10' loaded for size
(Font)              <12> on input line 55.
LaTeX Font Info:    External font `cmex10' loaded for size
(Font)              <8> on input line 55.
LaTeX Font Info:    External font `cmex10' loaded for size
(Font)              <6> on input line 55.
LaTeX Font Info:    Font shape `OT1/ptm/bx/n' in size <12> not available
(Font)              Font shape `OT1/ptm/b/n' tried instead on input line 57.

(./intro.tex
LaTeX Font Info:    External font `cmex10' loaded for size
(Font)              <7> on input line 23.
LaTeX Font Info:    External font `cmex10' loaded for size
(Font)              <5> on input line 23.
LaTeX Font Info:    Try loading font information for OT1+pcr on input line 23.
 (/usr/local/texlive/2007/texmf-dist/tex/latex/psnfss/ot1pcr.fd
File: ot1pcr.fd 2001/06/04 font definitions for OT1/pcr.
)
LaTeX Font Info:    Try loading font information for TS1+ptm on input line 30.

(/usr/local/texlive/2007/texmf-dist/tex/latex/psnfss/ts1ptm.fd
File: ts1ptm.fd 2001/06/04 font definitions for TS1/ptm.
) [1{/usr/local/texlive/2007/texmf-var/fonts/map/pdftex/updmap/pdftex.map}


]) (./background.tex
Overfull \hbox (4.736pt too wide) in paragraph at lines 60--60
[]           \OT1/pcr/m/n/9 OutputCollector<K2, V2> output);[] 
 []

[2] <figures/spill_file.pdf, id=12, 346.29375pt x 284.06125pt>
File: figures/spill_file.pdf Graphic file (type pdf)

<use figures/spill_file.pdf>
Overfull \hbox (20.93597pt too wide) in paragraph at lines 149--149
[]              \OT1/pcr/m/n/9 OutputCollector<K3, V3> output);[] 
 []

) (./pipelining.tex [3 <./figures/spill_file.pdf>]
LaTeX Font Info:    Font shape `OT1/ptm/bx/n' in size <10> not available
(Font)              Font shape `OT1/ptm/b/n' tried instead on input line 38.
 [4]
Underfull \vbox (badness 1199) has occurred while \output is active []

)
(./onlineaggs.tex [5] [6]
<eval/top100_online_wiki.pdf, id=43, 505.89pt x 327.2225pt>
File: eval/top100_online_wiki.pdf Graphic file (type pdf)

<use eval/top100_online_wiki.pdf>
<eval/aprx-click-hour.pdf, id=44, 505.89pt x 327.2225pt>
File: eval/aprx-click-hour.pdf Graphic file (type pdf)

<use eval/aprx-click-hour.pdf>
<eval/aprx-click-hour-actual.pdf, id=45, 505.89pt x 329.23pt>
File: eval/aprx-click-hour-actual.pdf Graphic file (type pdf)

<use eval/aprx-click-hour-actual.pdf> [7 <./eval/top100_online_wiki.pdf>])
(./continuous.tex [8 <./eval/aprx-click-hour.pdf> <./eval/aprx-click-hour-actua
l.pdf>] <eval/continue.pdf, id=89, 505.89pt x 329.23pt>
File: eval/continue.pdf Graphic file (type pdf)

<use eval/continue.pdf> [9]) (./perf.tex
<eval/wc_10gb_20m5r_blocking.pdf, id=93, 505.89pt x 327.2225pt>
File: eval/wc_10gb_20m5r_blocking.pdf Graphic file (type pdf)

<use eval/wc_10gb_20m5r_blocking.pdf>
<eval/wc_10gb_20m5r_pipeline.pdf, id=94, 505.89pt x 327.2225pt>
File: eval/wc_10gb_20m5r_pipeline.pdf Graphic file (type pdf)

<use eval/wc_10gb_20m5r_pipeline.pdf>
Overfull \hbox (1.90001pt too wide) in paragraph at lines 2--12
[]$[]$ $[]$ 
 []

<eval/wc_10gb_20m20r_blocking.pdf, id=95, 505.89pt x 357.335pt>
File: eval/wc_10gb_20m20r_blocking.pdf Graphic file (type pdf)

<use eval/wc_10gb_20m20r_blocking.pdf>
<eval/wc_10gb_20m20r_pipeline.pdf, id=96, 505.89pt x 347.2975pt>
File: eval/wc_10gb_20m20r_pipeline.pdf Graphic file (type pdf)

<use eval/wc_10gb_20m20r_pipeline.pdf>
Overfull \hbox (1.90001pt too wide) in paragraph at lines 18--28
[]$[]$ $[]$ 
 []

<eval/wc_10gb_20m1r_blocking.pdf, id=97, 505.89pt x 321.2pt>
File: eval/wc_10gb_20m1r_blocking.pdf Graphic file (type pdf)

<use eval/wc_10gb_20m1r_blocking.pdf>
<eval/wc_10gb_20m1r_pipeline.pdf, id=98, 505.89pt x 319.1925pt>
File: eval/wc_10gb_20m1r_pipeline.pdf Graphic file (type pdf)

<use eval/wc_10gb_20m1r_pipeline.pdf>
Overfull \hbox (1.90001pt too wide) in paragraph at lines 34--44
[]$[]$ $[]$ 
 []


Underfull \vbox (badness 10000) has occurred while \output is active []


<eval/wc_100gb_240m60r_blocking.pdf, id=99, 505.89pt x 319.1925pt>
File: eval/wc_100gb_240m60r_blocking.pdf Graphic file (type pdf)

<use eval/wc_100gb_240m60r_blocking.pdf>
<eval/wc_100gb_240m60r_pipeline.pdf, id=100, 505.89pt x 319.1925pt>
File: eval/wc_100gb_240m60r_pipeline.pdf Graphic file (type pdf)

<use eval/wc_100gb_240m60r_pipeline.pdf>
Overfull \hbox (1.90001pt too wide) in paragraph at lines 64--74
[]$[]$ $[]$ 
 []

<eval/wc_100gb_3120m60r_blocking.pdf, id=101, 505.89pt x 317.185pt>
File: eval/wc_100gb_3120m60r_blocking.pdf Graphic file (type pdf)

<use eval/wc_100gb_3120m60r_blocking.pdf>
<eval/wc_100gb_3120m60r_pipeline.pdf, id=102, 505.89pt x 319.1925pt>
File: eval/wc_100gb_3120m60r_pipeline.pdf Graphic file (type pdf)

<use eval/wc_100gb_3120m60r_pipeline.pdf>
Overfull \hbox (1.90001pt too wide) in paragraph at lines 79--89
[]$[]$ $[]$ 
 []

[10 <./eval/continue.pdf>]
Underfull \vbox (badness 5908) has occurred while \output is active []

 [11 <./eval/wc_10gb_20m5r_blocking.pdf> <./eval/wc_10gb_20m5r_pipeline.pdf> <.
/eval/wc_10gb_20m20r_blocking.pdf> <./eval/wc_10gb_20m20r_pipeline.pdf>]
Underfull \vbox (badness 6316) has occurred while \output is active []

 [12 <./eval/wc_10gb_20m1r_blocking.pdf> <./eval/wc_10gb_20m1r_pipeline.pdf> <.
/eval/wc_100gb_240m60r_blocking.pdf> <./eval/wc_100gb_240m60r_pipeline.pdf>])
(./relwork.tex [13 <./eval/wc_100gb_3120m60r_blocking.pdf> <./eval/wc_100gb_312
0m60r_pipeline.pdf>]) (./conclusion.tex) [14] (./nsdi.bbl
Underfull \hbox (badness 1168) in paragraph at lines 22--27
[]\OT1/ptm/m/sc/8 (+20) Chandrasekaran, S., Cooper, O., Desh-pande, A.,
 []


Underfull \hbox (badness 2134) in paragraph at lines 29--33
[]\OT1/ptm/m/sc/8 (+20) Cieslewicz, J., Fried-man, E., and Pawlowski, P.
 []


Underfull \hbox (badness 10000) in paragraph at lines 59--63
[]\OT1/ptm/m/n/8 (+20) Greenplum: A uni-fied en-gine for RDBMS and
 []


Underfull \hbox (badness 10000) in paragraph at lines 59--63
\OT1/ptm/m/n/8 (+20) MapRe-duce, Oct. 2008.  Down-loaded from
 []


Underfull \hbox (badness 10000) in paragraph at lines 59--63
\OT1/pcr/m/n/8 http : / / www . greenplum . com / download .
 []


Underfull \hbox (badness 10000) in paragraph at lines 59--63
\OT1/pcr/m/n/8 php ? alias = register-[]map-[]reduce&file =
 []

) [15] (./nsdi.aux) ) 
Here is how much of TeX's memory you used:
 3919 strings out of 94073
 62756 string characters out of 1162984
 136225 words of memory out of 1500000
 6952 multiletter control sequences out of 10000+50000
 36895 words of font info for 162 fonts, out of 1200000 for 2000
 645 hyphenation exceptions out of 8191
 43i,10n,42p,907b,373s stack positions out of 5000i,500n,6000p,200000b,5000s
{/usr/local/texlive/2007/texmf-dist/fonts/enc/dvips/base/8
r.enc}</usr/local/texlive/2007/texmf-dist/fonts/type1/bluesky/cm/cmmi10.pfb></u
sr/local/texlive/2007/texmf-dist/fonts/type1/bluesky/cm/cmmi6.pfb></usr/local/t
exlive/2007/texmf-dist/fonts/type1/bluesky/cm/cmmi7.pfb></usr/local/texlive/200
7/texmf-dist/fonts/type1/bluesky/cm/cmmi8.pfb></usr/local/texlive/2007/texmf-di
st/fonts/type1/bluesky/cm/cmr6.pfb></usr/local/texlive/2007/texmf-dist/fonts/ty
pe1/bluesky/cm/cmr7.pfb></usr/local/texlive/2007/texmf-dist/fonts/type1/bluesky
/cm/cmsy10.pfb></usr/local/texlive/2007/texmf-dist/fonts/type1/urw/courier/ucrr
8a.pfb></usr/local/texlive/2007/texmf-dist/fonts/type1/urw/times/utmb8a.pfb></u
sr/local/texlive/2007/texmf-dist/fonts/type1/urw/times/utmr8a.pfb></usr/local/t
exlive/2007/texmf-dist/fonts/type1/urw/times/utmri8a.pfb>
Output written on nsdi.pdf (15 pages, 1863088 bytes).
PDF statistics:
 279 PDF objects out of 1000 (max. 8388607)
 0 named destinations out of 1000 (max. 131072)
 38988 words of extra memory for PDF output out of 42996 (max. 10000000)

