This is pdfeTeX, Version 3.141592-1.21a-2.2 (Web2C 7.5.4) (format=latex 2008.10.20)  14 JUN 2010 16:56
entering extended mode
**paper
(./paper.tex
LaTeX2e <2003/12/01>
Babel <v3.8d> and hyphenation patterns for american, french, german, ngerman, b
ahasa, basque, bulgarian, catalan, croatian, czech, danish, dutch, esperanto, e
stonian, finnish, greek, icelandic, irish, italian, latin, magyar, norsk, polis
h, portuges, romanian, russian, serbian, slovak, slovene, spanish, swedish, tur
kish, ukrainian, nohyphenation, loaded.
(./sig-alt-full.cls (/opt/local/share/texmf-dist/tex/latex/graphics/epsfig.sty
Package: epsfig 1999/02/16 v1.7a (e)psfig emulation (SPQR)

(/opt/local/share/texmf-dist/tex/latex/graphics/graphicx.sty
Package: graphicx 1999/02/16 v1.0f Enhanced LaTeX Graphics (DPC,SPQR)

(/opt/local/share/texmf-dist/tex/latex/graphics/keyval.sty
Package: keyval 1999/03/16 v1.13 key=value parser (DPC)
\KV@toks@=\toks14
)
(/opt/local/share/texmf-dist/tex/latex/graphics/graphics.sty
Package: graphics 2001/07/07 v1.0n Standard LaTeX Graphics (DPC,SPQR)

(/opt/local/share/texmf-dist/tex/latex/graphics/trig.sty
Package: trig 1999/03/16 v1.09 sin cos tan (DPC)
)
(/opt/local/share/texmf-dist/tex/latex/graphics/graphics.cfg
File: graphics.cfg 2005/02/03 v1.3 graphics configuration of teTeX/TeXLive
)
Package graphics Info: Driver file: dvips.def on input line 80.

(/opt/local/share/texmf-dist/tex/latex/graphics/dvips.def
File: dvips.def 1999/02/16 v3.0i Driver-dependant file (DPC,SPQR)
))
\Gin@req@height=\dimen102
\Gin@req@width=\dimen103
)
\epsfxsize=\dimen104
\epsfysize=\dimen105
)
(/opt/local/share/texmf-dist/tex/latex/amsfonts/amssymb.sty
Package: amssymb 2002/01/22 v2.2d

(/opt/local/share/texmf-dist/tex/latex/amsfonts/amsfonts.sty
Package: amsfonts 2001/10/25 v2.2f
\@emptytoks=\toks15
\symAMSa=\mathgroup4
\symAMSb=\mathgroup5
LaTeX Font Info:    Overwriting math alphabet `\mathfrak' in version `bold'
(Font)                  U/euf/m/n --> U/euf/b/n on input line 132.
))
(/opt/local/share/texmf-dist/tex/latex/amsmath/amsmath.sty
Package: amsmath 2000/07/18 v2.13 AMS math features
\@mathmargin=\skip41

For additional information on amsmath, use the `?' option.
(/opt/local/share/texmf-dist/tex/latex/amsmath/amstext.sty
Package: amstext 2000/06/29 v2.01

(/opt/local/share/texmf-dist/tex/latex/amsmath/amsgen.sty
File: amsgen.sty 1999/11/30 v2.0
\@emptytoks=\toks16
\ex@=\dimen106
))
(/opt/local/share/texmf-dist/tex/latex/amsmath/amsbsy.sty
Package: amsbsy 1999/11/29 v1.2d
\pmbraise@=\dimen107
)
(/opt/local/share/texmf-dist/tex/latex/amsmath/amsopn.sty
Package: amsopn 1999/12/14 v2.01 operator names
)
\inf@bad=\count79
LaTeX Info: Redefining \frac on input line 211.
\uproot@=\count80
\leftroot@=\count81
LaTeX Info: Redefining \overline on input line 307.
\classnum@=\count82
\DOTSCASE@=\count83
LaTeX Info: Redefining \ldots on input line 379.
LaTeX Info: Redefining \dots on input line 382.
LaTeX Info: Redefining \cdots on input line 467.
\Mathstrutbox@=\box26
\strutbox@=\box27
\big@size=\dimen108
LaTeX Font Info:    Redeclaring font encoding OML on input line 567.
LaTeX Font Info:    Redeclaring font encoding OMS on input line 568.
\macc@depth=\count84
\c@MaxMatrixCols=\count85
\dotsspace@=\muskip10
\c@parentequation=\count86
\dspbrk@lvl=\count87
\tag@help=\toks17
\row@=\count88
\column@=\count89
\maxfields@=\count90
\andhelp@=\toks18
\eqnshift@=\dimen109
\alignsep@=\dimen110
\tagshift@=\dimen111
\tagwidth@=\dimen112
\totwidth@=\dimen113
\lineht@=\dimen114
\@envbody=\toks19
\multlinegap=\skip42
\multlinetaggap=\skip43
\mathdisplay@stack=\toks20
LaTeX Info: Redefining \[ on input line 2666.
LaTeX Info: Redefining \] on input line 2667.
)
Document Class 'sig-alt-full' <27th. September '02>. Modified by G.K.M. Tobin/G
erry Murray
Based in part upon document Style `acmconf' <22 May 89>. Hacked 4/91 by
shivers@cs.cmu.edu, 4/93 by theobald@cs.mcgill.ca
Excerpts were taken from (Journal Style) 'esub2acm.cls'.
****** Bugs/comments/suggestions/technicalities to Gerry Murray -- murray@hq.ac
m.org ******
Questions on the style, SIGS policies, etc. to Julie Goetz goetz@acm.org or Adr
ienne Griscti griscti@acm.org
\footheight=\dimen115
\@maxsep=\dimen116
\@dblmaxsep=\dimen117
\aucount=\count91
\originalaucount=\count92
\auwidth=\dimen118
\auskip=\dimen119
\auskipcount=\count93
\auskip=\dimen120
\allauboxes=\dimen121
\addauthors=\toks21
\addauflag=\count94
\subtitletext=\toks22
\savesection=\count95
\sectioncntr=\count96
\c@figure=\count97
\c@table=\count98
\titleboxnotes=\toks23
\titleboxnoteflag=\count99
Document Class: sig-alt-full 2002/09/27 - V1.1 - based on acmproc.cls V1.3 <Nov
. 30 '99>
(/opt/local/share/texmf-dist/tex/latex/base/latexsym.sty
Package: latexsym 1998/08/17 v2.2e Standard LaTeX package (lasy symbols)
\symlasy=\mathgroup6
LaTeX Font Info:    Overwriting symbol font `lasy' in version `bold'
(Font)                  U/lasy/m/n --> U/lasy/b/n on input line 47.
)
\@acmtitlebox=\box28
\titlenotecount=\count100
\tntoks=\toks24
\tntokstwo=\toks25
\tntoksthree=\toks26
\tntoksfour=\toks27
\tntoksfive=\toks28
\catcount=\count101
\copyrightnotice=\toks29
\conf=\toks30
\confinfo=\toks31
\c@part=\count102
\c@section=\count103
\c@subsection=\count104
\c@subsubsection=\count105
\c@paragraph=\count106

Using 'Abbrev' bibliography style
\bibindent=\dimen122
\colcntr=\count107
\savebox=\box29
\copyrtyr=\toks32
\acmcopyr=\toks33
\boilerplate=\toks34
\copyrightetc=\toks35
) (/opt/local/share/texmf-dist/tex/latex/tools/hhline.sty
Package: hhline 1994/05/23 v2.03 Table rule package (DPC)
)
(/opt/local/share/texmf-dist/tex/latex/base/alltt.sty
Package: alltt 1997/06/16 v2.0g defines alltt environment
)
(/opt/local/share/texmf-dist/tex/latex/url/url.sty
\Urlmuskip=\muskip11
Package: url 2004/03/15  ver 3.1  Verb mode for urls, etc.
)
(/opt/local/share/texmf-dist/tex/latex/tools/xspace.sty
Package: xspace 1997/10/13 v1.06 Space after command names (DPC)
)
(/opt/local/share/texmf-dist/tex/latex/cite/cite.sty
LaTeX Info: Redefining \cite on input line 149.
LaTeX Info: Redefining \nocite on input line 214.
Package: cite 2003/11/04  v 4.01
) (./paper.aux)
\openout1 = `paper.aux'.

LaTeX Font Info:    Checking defaults for OML/cmm/m/it on input line 26.
LaTeX Font Info:    ... okay on input line 26.
LaTeX Font Info:    Checking defaults for T1/cmr/m/n on input line 26.
LaTeX Font Info:    ... okay on input line 26.
LaTeX Font Info:    Checking defaults for OT1/cmr/m/n on input line 26.
LaTeX Font Info:    ... okay on input line 26.
LaTeX Font Info:    Checking defaults for OMS/cmsy/m/n on input line 26.
LaTeX Font Info:    ... okay on input line 26.
LaTeX Font Info:    Checking defaults for OMX/cmex/m/n on input line 26.
LaTeX Font Info:    ... okay on input line 26.
LaTeX Font Info:    Checking defaults for U/cmr/m/n on input line 26.
LaTeX Font Info:    ... okay on input line 26.
LaTeX Font Info:    Try loading font information for U+msa on input line 62.

(/opt/local/share/texmf-dist/tex/latex/amsfonts/umsa.fd
File: umsa.fd 2002/01/19 v2.2g AMS font definitions
)
LaTeX Font Info:    Try loading font information for U+msb on input line 62.

(/opt/local/share/texmf-dist/tex/latex/amsfonts/umsb.fd
File: umsb.fd 2002/01/19 v2.2g AMS font definitions
)
LaTeX Font Info:    Try loading font information for U+lasy on input line 62.

(/opt/local/share/texmf-dist/tex/latex/base/ulasy.fd
File: ulasy.fd 1998/08/17 v2.2e LaTeX symbol font definitions
)
Overfull \hbox (10.00641pt too wide) in paragraph at lines 91--96
\OT1/cmr/m/n/9 C.2.4 [\OT1/cmr/bx/n/9 Computer Com-mu-ni-ca-tion Net-works\OT1/
cmr/m/n/9 ]: Dis-tributed
 []


Overfull \hbox (2.69107pt too wide) in paragraph at lines 91--96
\OT1/cmr/bx/n/9 tems\OT1/cmr/m/n/9 ]: Or-ga-ni-za-tion and De-sign--- \OT1/cmr/
m/it/9 Dis-tributed sys-tems\OT1/cmr/m/n/9 ; C.2.2
 []


Overfull \hbox (5.89275pt too wide) in paragraph at lines 100--101
\OT1/cmr/m/n/9 Declarative over-lays, dataflow en-gines, ex-e-cutable pseu-doco
de 
 []


Underfull \vbox (badness 10000) has occurred while \output is active []

 [1


]
Underfull \vbox (badness 1558) has occurred while \output is active []

 [2]
Overfull \hbox (2.42409pt too wide) in paragraph at lines 502--505
[]\OT1/cmr/m/n/9 Narada pe-ri-od-i-cally gos-sips with neigh-bors to re-fresh m
em-
 []

[3] [4] [5]
File: Architecture.eps Graphic file (type eps)
 <Architecture.eps>
Overfull \hbox (1.04211pt too wide) in paragraph at lines 1095--1105
[]\OT1/cmr/m/n/9 The cur-rent in-memory im-ple-men-ta-tion serves our re-quire-

 []

[6]
Overfull \hbox (3.53793pt too wide) in paragraph at lines 1147--1154
\OT1/cmr/m/n/9 quently Click im-ple-ments copy-on-write for pack-ets that must
 []


Underfull \vbox (badness 1558) has occurred while \output is active []


Overfull \hbox (1.59344pt too wide) in paragraph at lines 1183--1190
\OT1/cmr/m/n/9 queue el-e-ments in P2 dataflow graphs there-fore ``block'' when

 []


Underfull \vbox (badness 1558) has occurred while \output is active []

 [7]
Overfull \hbox (6.38167pt too wide) in paragraph at lines 1274--1280
\OT1/cmr/m/n/9 one must ei-ther ``hand-wire'' dataflow di-a-grams as in Click [
18]
 []


Underfull \vbox (badness 1558) has occurred while \output is active []

File: florence_2002.eps Graphic file (type eps)

<florence_2002.eps> [8] [9]
File: results/newgraphs/nochurn/nochurn.eps Graphic file (type eps)
 <results/newgraphs/nochurn/nochurn.eps>
Underfull \vbox (badness 10000) has occurred while \output is active []

 [10]
File: results/newgraphs/churn/churn.eps Graphic file (type eps)

<results/newgraphs/churn/churn.eps>
Overfull \hbox (2.07825pt too wide) in paragraph at lines 1713--1719
\OT1/cmr/m/n/9 con-sis-tency for a ses-sion time of 47 min-utes, and mean looku
p
 []


Overfull \hbox (5.85455pt too wide) in paragraph at lines 1720--1731
[]\OT1/cmr/m/n/9 We con-jec-ture that a care-fully crafted and com-plete MACE-
 []

[11]
Underfull \vbox (badness 10000) has occurred while \output is active []

 [12]
Underfull \vbox (badness 10000) has occurred while \output is active []


Overfull \hbox (1.90121pt too wide) in paragraph at lines 1911--1930
[]\OT1/cmr/m/n/9 Similarly, mak-ing the trans-port ``layer'' a graph of dataflo
w
 []


Overfull \hbox (2.0171pt too wide) in paragraph at lines 1993--2003
\OT1/cmr/m/n/9 Chun for ini-tial en-cour-age-ment and help us-ing his dis-tribu
ted
 []

[13] (./paper.bbl) [14] [15]
Underfull \vbox (badness 10000) has occurred while \output is active []

 [16]
(./paper.aux) ) 
Here is how much of TeX's memory you used:
 1816 strings out of 94501
 20928 string characters out of 1174995
 77787 words of memory out of 1000000
 4960 multiletter control sequences out of 10000+50000
 19521 words of font info for 54 fonts, out of 500000 for 2000
 580 hyphenation exceptions out of 1000
 39i,13n,26p,589b,299s stack positions out of 1500i,500n,5000p,200000b,5000s

Output written on paper.dvi (16 pages, 129736 bytes).
